+1 1:1
+1 2:2
+1 3:3
+1 4:4
+1 5:5
+1 6:6
+1 7:7
+1 8:8
+1 9:9
+1 10:10
+1 11:11
+1 12:12
+1 13:13
+1 14:14
+1 15:15
+1 16:16
+1 17:17
+1 18:18
+1 19:19
+1 20:20
+1 21:21
+1 22:22
+1 23:23
+1 24:24
+1 25:25
+1 26:26
+1 27:27
+1 28:28
+1 29:29
+1 30:30
+1 31:31
+1 32:32
+1 33:33
+1 34:34
+1 35:35
+1 36:36
+1 37:37
+1 38:38
+1 39:39
+1 40:40
+1 41:41
+1 42:42
+1 43:43
+1 44:44
+1 45:45
+1 46:46
+1 47:47
+1 48:48
+1 49:49
+1 50:50
+1 51:51
+1 52:52
+1 53:53
+1 54:54
+1 55:55
+1 56:56
+1 57:57
+1 58:58
+1 59:59
+1 60:60
+1 61:61
+1 62:62
+1 63:63
+1 64:64
+1 65:65
+1 66:66
+1 67:67
+1 68:68
+1 69:69
+1 70:70
+1 71:71
+1 72:72
+1 73:73
+1 74:74
+1 75:75
+1 76:76
+1 77:77
+1 78:78
+1 79:79
+1 80:80
+1 81:81
+1 82:82
+1 83:83
+1 84:84
+1 85:85
+1 86:86
+1 87:87
+1 88:88
+1 89:89
+1 90:90
+1 91:91
+1 92:92
+1 93:93
+1 94:94
+1 95:95
+1 96:96
+1 97:97
+1 98:98
+1 99:99
+1 100:100
+1 101:101
+1 102:102
+1 103:103
+1 104:104
+1 105:105
+1 106:106
+1 107:107
+1 108:108
+1 109:109
+1 110:110
+1 111:111
+1 112:112
+1 113:113
+1 114:114
+1 115:115
+1 116:116
+1 117:117
+1 118:118
+1 119:119
+1 120:120
+1 121:121
+1 122:122
+1 123:123
+1 124:124
+1 125:125
+1 126:126
+1 127:127
+1 128:128
+1 129:129
+1 130:130
+1 131:131
+1 132:132
+1 133:133
+1 134:134
+1 135:135
+1 136:136
+1 137:137
+1 138:138
+1 139:139
+1 140:140
+1 141:141
+1 142:142
+1 143:143
+1 144:144
+1 145:145
+1 146:146
+1 147:147
+1 148:148
+1 149:149
+1 150:150
+1 151:151
+1 152:152
+1 153:153
+1 154:154
+1 155:155
+1 156:156
+1 157:157
+1 158:158
+1 159:159
+1 160:160
+1 161:161
+1 162:162
+1 163:163
+1 164:164
+1 165:165
+1 166:166
+1 167:167
+1 168:168
+1 169:169
+1 170:170
+1 171:171
+1 172:172
+1 173:173
+1 174:174
+1 175:175
+1 176:176
+1 177:177
+1 178:178
+1 179:179
+1 180:180
+1 181:181
+1 182:182
+1 183:183
+1 184:184
+1 185:185
+1 186:186
+1 187:187
+1 188:188
+1 189:189
+1 190:190
+1 191:191
+1 192:192
+1 193:193
+1 194:194
+1 195:195
+1 196:196
+1 197:197
+1 198:198
+1 199:199
+1 200:200
+1 201:201
+1 202:202
+1 203:203
+1 204:204
+1 205:205
+1 206:206
+1 207:207
+1 208:208
+1 209:209
+1 210:210
+1 211:211
+1 212:212
+1 213:213
+1 214:214
+1 215:215
+1 216:216
+1 217:217
+1 218:218
+1 219:219
+1 220:220
+1 221:221
+1 222:222
+1 223:223
+1 224:224
+1 225:225
+1 226:226
+1 227:227
+1 228:228
+1 229:229
+1 230:230
+1 231:231
+1 232:232
+1 233:233
+1 234:234
+1 235:235
+1 236:236
+1 237:237
+1 238:238
+1 239:239
+1 240:240
+1 241:241
+1 242:242
+1 243:243
+1 244:244
+1 245:245
+1 246:246
+1 247:247
+1 248:248
+1 249:249
+1 250:250
+1 251:251
+1 252:252
+1 253:253
+1 254:254
+1 255:255
+1 256:256
+1 257:257
+1 258:258
+1 259:259
+1 260:260
+1 261:261
+1 262:262
+1 263:263
+1 264:264
+1 265:265
+1 266:266
+1 267:267
+1 268:268
+1 269:269
+1 270:270
+1 271:271
+1 272:272
+1 273:273
+1 274:274
+1 275:275
+1 276:276
+1 277:277
+1 278:278
+1 279:279
+1 280:280
+1 281:281
+1 282:282
+1 283:283
+1 284:284
+1 285:285
+1 286:286
+1 287:287
+1 288:288
+1 289:289
+1 290:290
+1 291:291
+1 292:292
+1 293:293
+1 294:294
+1 295:295
+1 296:296
+1 297:297
+1 298:298
+1 299:299
+1 300:300
+1 301:301
+1 302:302
+1 303:303
+1 304:304
+1 305:305
+1 306:306
+1 307:307
+1 308:308
+1 309:309
+1 310:310
+1 311:311
+1 312:312
+1 313:313
+1 314:314
+1 315:315
+1 316:316
+1 317:317
+1 318:318
+1 319:319
+1 320:320
+1 321:321
+1 322:322
+1 323:323
+1 324:324
+1 325:325
+1 326:326
+1 327:327
+1 328:328
+1 329:329
+1 330:330
+1 331:331
+1 332:332
+1 333:333
+1 334:334
+1 335:335
+1 336:336
+1 337:337
+1 338:338
+1 339:339
+1 340:340
+1 341:341
+1 342:342
+1 343:343
+1 344:344
+1 345:345
+1 346:346
+1 347:347
+1 348:348
+1 349:349
+1 350:350
+1 351:351
+1 352:352
+1 353:353
+1 354:354
+1 355:355
+1 356:356
+1 357:357
+1 358:358
+1 359:359
+1 360:360
+1 361:361
+1 362:362
+1 363:363
+1 364:364
+1 365:365
+1 366:366
+1 367:367
+1 368:368
+1 369:369
+1 370:370
+1 371:371
+1 372:372
+1 373:373
+1 374:374
+1 375:375
+1 376:376
+1 377:377
+1 378:378
+1 379:379
+1 380:380
+1 381:381
+1 382:382
+1 383:383
+1 384:384
+1 385:385
+1 386:386
+1 387:387
+1 388:388
+1 389:389
+1 390:390
+1 391:391
+1 392:392
+1 393:393
+1 394:394
+1 395:395
+1 396:396
+1 397:397
+1 398:398
+1 399:399
+1 400:400
+1 401:401
+1 402:402
+1 403:403
+1 404:404
+1 405:405
+1 406:406
+1 407:407
+1 408:408
+1 409:409
+1 410:410
+1 411:411
+1 412:412
+1 413:413
+1 414:414
+1 415:415
+1 416:416
+1 417:417
+1 418:418
+1 419:419
+1 420:420
+1 421:421
+1 422:422
+1 423:423
+1 424:424
+1 425:425
+1 426:426
+1 427:427
+1 428:428
+1 429:429
+1 430:430
+1 431:431
+1 432:432
+1 433:433
+1 434:434
+1 435:435
+1 436:436
+1 437:437
+1 438:438
+1 439:439
+1 440:440
+1 441:441
+1 442:442
+1 443:443
+1 444:444
+1 445:445
+1 446:446
+1 447:447
+1 448:448
+1 449:449
+1 450:450
+1 451:451
+1 452:452
+1 453:453
+1 454:454
+1 455:455
+1 456:456
+1 457:457
+1 458:458
+1 459:459
+1 460:460
+1 461:461
+1 462:462
+1 463:463
+1 464:464
+1 465:465
+1 466:466
+1 467:467
+1 468:468
+1 469:469
+1 470:470
+1 471:471
+1 472:472
+1 473:473
+1 474:474
+1 475:475
+1 476:476
+1 477:477
+1 478:478
+1 479:479
+1 480:480
+1 481:481
+1 482:482
+1 483:483
+1 484:484
+1 485:485
+1 486:486
+1 487:487
+1 488:488
+1 489:489
+1 490:490
+1 491:491
+1 492:492
+1 493:493
+1 494:494
+1 495:495
+1 496:496
+1 497:497
+1 498:498
+1 499:499
+1 500:500
+1 501:501
+1 502:502
+1 503:503
+1 504:504
+1 505:505
+1 506:506
+1 507:507
+1 508:508
+1 509:509
+1 510:510
+1 511:511
+1 512:512
+1 513:513
+1 514:514
+1 515:515
+1 516:516
+1 517:517
+1 518:518
+1 519:519
+1 520:520
+1 521:521
+1 522:522
+1 523:523
+1 524:524
+1 525:525
+1 526:526
+1 527:527
+1 528:528
+1 529:529
+1 530:530
+1 531:531
+1 532:532
+1 533:533
+1 534:534
+1 535:535
+1 536:536
+1 537:537
+1 538:538
+1 539:539
+1 540:540
+1 541:541
+1 542:542
+1 543:543
+1 544:544
+1 545:545
+1 546:546
+1 547:547
+1 548:548
+1 549:549
+1 550:550
+1 551:551
+1 552:552
+1 553:553
+1 554:554
+1 555:555
+1 556:556
+1 557:557
+1 558:558
+1 559:559
+1 560:560
+1 561:561
+1 562:562
+1 563:563
+1 564:564
+1 565:565
+1 566:566
+1 567:567
+1 568:568
+1 569:569
+1 570:570
+1 571:571
+1 572:572
+1 573:573
+1 574:574
+1 575:575
+1 576:576
+1 577:577
+1 578:578
+1 579:579
+1 580:580
+1 581:581
+1 582:582
+1 583:583
+1 584:584
+1 585:585
+1 586:586
+1 587:587
+1 588:588
+1 589:589
+1 590:590
+1 591:591
+1 592:592
+1 593:593
+1 594:594
+1 595:595
+1 596:596
+1 597:597
+1 598:598
+1 599:599
+1 600:600
+1 601:601
+1 602:602
+1 603:603
+1 604:604
+1 605:605
+1 606:606
+1 607:607
+1 608:608
+1 609:609
+1 610:610
+1 611:611
+1 612:612
+1 613:613
+1 614:614
+1 615:615
+1 616:616
+1 617:617
+1 618:618
+1 619:619
+1 620:620
+1 621:621
+1 622:622
+1 623:623
+1 624:624
+1 625:625
+1 626:626
+1 627:627
+1 628:628
+1 629:629
+1 630:630
+1 631:631
+1 632:632
+1 633:633
+1 634:634
+1 635:635
+1 636:636
+1 637:637
+1 638:638
+1 639:639
+1 640:640
+1 641:641
+1 642:642
+1 643:643
+1 644:644
+1 645:645
+1 646:646
+1 647:647
+1 648:648
+1 649:649
+1 650:650
+1 651:651
+1 652:652
+1 653:653
+1 654:654
+1 655:655
+1 656:656
+1 657:657
+1 658:658
+1 659:659
+1 660:660
+1 661:661
+1 662:662
+1 663:663
+1 664:664
+1 665:665
+1 666:666
+1 667:667
+1 668:668
+1 669:669
+1 670:670
+1 671:671
+1 672:672
+1 673:673
+1 674:674
+1 675:675
+1 676:676
+1 677:677
+1 678:678
+1 679:679
+1 680:680
+1 681:681
+1 682:682
+1 683:683
+1 684:684
+1 685:685
+1 686:686
+1 687:687
+1 688:688
+1 689:689
+1 690:690
+1 691:691
+1 692:692
+1 693:693
+1 694:694
+1 695:695
+1 696:696
+1 697:697
+1 698:698
+1 699:699
+1 700:700
+1 701:701
+1 702:702
+1 703:703
+1 704:704
+1 705:705
+1 706:706
+1 707:707
+1 708:708
+1 709:709
+1 710:710
+1 711:711
+1 712:712
+1 713:713
+1 714:714
+1 715:715
+1 716:716
+1 717:717
+1 718:718
+1 719:719
+1 720:720
+1 721:721
+1 722:722
+1 723:723
+1 724:724
+1 725:725
+1 726:726
+1 727:727
+1 728:728
+1 729:729
+1 730:730
+1 731:731
+1 732:732
+1 733:733
+1 734:734
+1 735:735
+1 736:736
+1 737:737
+1 738:738
+1 739:739
+1 740:740
+1 741:741
+1 742:742
+1 743:743
+1 744:744
+1 745:745
+1 746:746
+1 747:747
+1 748:748
+1 749:749
+1 750:750
+1 751:751
+1 752:752
+1 753:753
+1 754:754
+1 755:755
+1 756:756
+1 757:757
+1 758:758
+1 759:759
+1 760:760
+1 761:761
+1 762:762
+1 763:763
+1 764:764
+1 765:765
+1 766:766
+1 767:767
+1 768:768
+1 769:769
+1 770:770
+1 771:771
+1 772:772
+1 773:773
+1 774:774
+1 775:775
+1 776:776
+1 777:777
+1 778:778
+1 779:779
+1 780:780
+1 781:781
+1 782:782
+1 783:783
+1 784:784
+1 785:785
+1 786:786
+1 787:787
+1 788:788
+1 789:789
+1 790:790
+1 791:791
+1 792:792
+1 793:793
+1 794:794
+1 795:795
+1 796:796
+1 797:797
+1 798:798
+1 799:799
+1 800:800
+1 801:801
+1 802:802
+1 803:803
+1 804:804
+1 805:805
+1 806:806
+1 807:807
+1 808:808
+1 809:809
+1 810:810
+1 811:811
+1 812:812
+1 813:813
+1 814:814
+1 815:815
+1 816:816
+1 817:817
+1 818:818
+1 819:819
+1 820:820
+1 821:821
+1 822:822
+1 823:823
+1 824:824
+1 825:825
+1 826:826
+1 827:827
+1 828:828
+1 829:829
+1 830:830
+1 831:831
+1 832:832
+1 833:833
+1 834:834
+1 835:835
+1 836:836
+1 837:837
+1 838:838
+1 839:839
+1 840:840
+1 841:841
+1 842:842
+1 843:843
+1 844:844
+1 845:845
+1 846:846
+1 847:847
+1 848:848
+1 849:849
+1 850:850
+1 851:851
+1 852:852
+1 853:853
+1 854:854
+1 855:855
+1 856:856
+1 857:857
+1 858:858
+1 859:859
+1 860:860
+1 861:861
+1 862:862
+1 863:863
+1 864:864
+1 865:865
+1 866:866
+1 867:867
+1 868:868
+1 869:869
+1 870:870
+1 871:871
+1 872:872
+1 873:873
+1 874:874
+1 875:875
+1 876:876
+1 877:877
+1 878:878
+1 879:879
+1 880:880
+1 881:881
+1 882:882
+1 883:883
+1 884:884
+1 885:885
+1 886:886
+1 887:887
+1 888:888
+1 889:889
+1 890:890
+1 891:891
+1 892:892
+1 893:893
+1 894:894
+1 895:895
+1 896:896
+1 897:897
+1 898:898
+1 899:899
+1 900:900
+1 901:901
+1 902:902
+1 903:903
+1 904:904
+1 905:905
+1 906:906
+1 907:907
+1 908:908
+1 909:909
+1 910:910
+1 911:911
+1 912:912
+1 913:913
+1 914:914
+1 915:915
+1 916:916
+1 917:917
+1 918:918
+1 919:919
+1 920:920
+1 921:921
+1 922:922
+1 923:923
+1 924:924
+1 925:925
+1 926:926
+1 927:927
+1 928:928
+1 929:929
+1 930:930
+1 931:931
+1 932:932
+1 933:933
+1 934:934
+1 935:935
+1 936:936
+1 937:937
+1 938:938
+1 939:939
+1 940:940
+1 941:941
+1 942:942
+1 943:943
+1 944:944
+1 945:945
+1 946:946
+1 947:947
+1 948:948
+1 949:949
+1 950:950
+1 951:951
+1 952:952
+1 953:953
+1 954:954
+1 955:955
+1 956:956
+1 957:957
+1 958:958
+1 959:959
+1 960:960
+1 961:961
+1 962:962
+1 963:963
+1 964:964
+1 965:965
+1 966:966
+1 967:967
+1 968:968
+1 969:969
+1 970:970
+1 971:971
+1 972:972
+1 973:973
+1 974:974
+1 975:975
+1 976:976
+1 977:977
+1 978:978
+1 979:979
+1 980:980
+1 981:981
+1 982:982
+1 983:983
+1 984:984
+1 985:985
+1 986:986
+1 987:987
+1 988:988
+1 989:989
+1 990:990
+1 991:991
+1 992:992
+1 993:993
+1 994:994
+1 995:995
+1 996:996
+1 997:997
+1 998:998
+1 999:999
+1 1000:1000
+1 1001:1001
+1 1002:1002
+1 1003:1003
+1 1004:1004
+1 1005:1005
+1 1006:1006
+1 1007:1007
+1 1008:1008
+1 1009:1009
+1 1010:1010
+1 1011:1011
+1 1012:1012
+1 1013:1013
+1 1014:1014
+1 1015:1015
+1 1016:1016
+1 1017:1017
+1 1018:1018
+1 1019:1019
+1 1020:1020
+1 1021:1021
+1 1022:1022
+1 1023:1023
+1 1024:1024
+1 1025:1025
+1 1026:1026
+1 1027:1027
+1 1028:1028
+1 1029:1029
+1 1030:1030
+1 1031:1031
+1 1032:1032
+1 1033:1033
+1 1034:1034
+1 1035:1035
+1 1036:1036
+1 1037:1037
+1 1038:1038
+1 1039:1039
+1 1040:1040
+1 1041:1041
+1 1042:1042
+1 1043:1043
+1 1044:1044
+1 1045:1045
+1 1046:1046
+1 1047:1047
+1 1048:1048
+1 1049:1049
+1 1050:1050
+1 1051:1051
+1 1052:1052
+1 1053:1053
+1 1054:1054
+1 1055:1055
+1 1056:1056
+1 1057:1057
+1 1058:1058
+1 1059:1059
+1 1060:1060
+1 1061:1061
+1 1062:1062
+1 1063:1063
+1 1064:1064
+1 1065:1065
+1 1066:1066
+1 1067:1067
+1 1068:1068
+1 1069:1069
+1 1070:1070
+1 1071:1071
+1 1072:1072
+1 1073:1073
+1 1074:1074
+1 1075:1075
+1 1076:1076
+1 1077:1077
+1 1078:1078
+1 1079:1079
+1 1080:1080
+1 1081:1081
+1 1082:1082
+1 1083:1083
+1 1084:1084
+1 1085:1085
+1 1086:1086
+1 1087:1087
+1 1088:1088
+1 1089:1089
+1 1090:1090
+1 1091:1091
+1 1092:1092
+1 1093:1093
+1 1094:1094
+1 1095:1095
+1 1096:1096
+1 1097:1097
+1 1098:1098
+1 1099:1099
+1 1100:1100
+1 1101:1101
+1 1102:1102
+1 1103:1103
+1 1104:1104
+1 1105:1105
+1 1106:1106
+1 1107:1107
+1 1108:1108
+1 1109:1109
+1 1110:1110
+1 1111:1111
+1 1112:1112
+1 1113:1113
+1 1114:1114
+1 1115:1115
+1 1116:1116
+1 1117:1117
+1 1118:1118
+1 1119:1119
+1 1120:1120
+1 1121:1121
+1 1122:1122
+1 1123:1123
+1 1124:1124
+1 1125:1125
+1 1126:1126
+1 1127:1127
+1 1128:1128
+1 1129:1129
+1 1130:1130
+1 1131:1131
+1 1132:1132
+1 1133:1133
+1 1134:1134
+1 1135:1135
+1 1136:1136
+1 1137:1137
+1 1138:1138
+1 1139:1139
+1 1140:1140
+1 1141:1141
+1 1142:1142
+1 1143:1143
+1 1144:1144
+1 1145:1145
+1 1146:1146
+1 1147:1147
+1 1148:1148
+1 1149:1149
+1 1150:1150
+1 1151:1151
+1 1152:1152
+1 1153:1153
+1 1154:1154
+1 1155:1155
+1 1156:1156
+1 1157:1157
+1 1158:1158
+1 1159:1159
+1 1160:1160
+1 1161:1161
+1 1162:1162
+1 1163:1163
+1 1164:1164
+1 1165:1165
+1 1166:1166
+1 1167:1167
+1 1168:1168
+1 1169:1169
+1 1170:1170
+1 1171:1171
+1 1172:1172
+1 1173:1173
+1 1174:1174
+1 1175:1175
+1 1176:1176
+1 1177:1177
+1 1178:1178
+1 1179:1179
+1 1180:1180
+1 1181:1181
+1 1182:1182
+1 1183:1183
+1 1184:1184
+1 1185:1185
+1 1186:1186
+1 1187:1187
+1 1188:1188
+1 1189:1189
+1 1190:1190
+1 1191:1191
+1 1192:1192
+1 1193:1193
+1 1194:1194
+1 1195:1195
+1 1196:1196
+1 1197:1197
+1 1198:1198
+1 1199:1199
+1 1200:1200
+1 1201:1201
+1 1202:1202
+1 1203:1203
+1 1204:1204
+1 1205:1205
+1 1206:1206
+1 1207:1207
+1 1208:1208
+1 1209:1209
+1 1210:1210
+1 1211:1211
+1 1212:1212
+1 1213:1213
+1 1214:1214
+1 1215:1215
+1 1216:1216
+1 1217:1217
+1 1218:1218
+1 1219:1219
+1 1220:1220
+1 1221:1221
+1 1222:1222
+1 1223:1223
+1 1224:1224
+1 1225:1225
+1 1226:1226
+1 1227:1227
+1 1228:1228
+1 1229:1229
+1 1230:1230
+1 1231:1231
+1 1232:1232
+1 1233:1233
+1 1234:1234
+1 1235:1235
+1 1236:1236
+1 1237:1237
+1 1238:1238
+1 1239:1239
+1 1240:1240
+1 1241:1241
+1 1242:1242
+1 1243:1243
+1 1244:1244
+1 1245:1245
+1 1246:1246
+1 1247:1247
+1 1248:1248
+1 1249:1249
+1 1250:1250
+1 1251:1251
+1 1252:1252
+1 1253:1253
+1 1254:1254
+1 1255:1255
+1 1256:1256
+1 1257:1257
+1 1258:1258
+1 1259:1259
+1 1260:1260
+1 1261:1261
+1 1262:1262
+1 1263:1263
+1 1264:1264
+1 1265:1265
+1 1266:1266
+1 1267:1267
+1 1268:1268
+1 1269:1269
+1 1270:1270
+1 1271:1271
+1 1272:1272
+1 1273:1273
+1 1274:1274
+1 1275:1275
+1 1276:1276
+1 1277:1277
+1 1278:1278
+1 1279:1279
+1 1280:1280
+1 1281:1281
+1 1282:1282
+1 1283:1283
+1 1284:1284
+1 1285:1285
+1 1286:1286
+1 1287:1287
+1 1288:1288
+1 1289:1289
+1 1290:1290
+1 1291:1291
+1 1292:1292
+1 1293:1293
+1 1294:1294
+1 1295:1295
+1 1296:1296
+1 1297:1297
+1 1298:1298
+1 1299:1299
+1 1300:1300
+1 1301:1301
+1 1302:1302
+1 1303:1303
+1 1304:1304
+1 1305:1305
+1 1306:1306
+1 1307:1307
+1 1308:1308
+1 1309:1309
+1 1310:1310
+1 1311:1311
+1 1312:1312
+1 1313:1313
+1 1314:1314
+1 1315:1315
+1 1316:1316
+1 1317:1317
+1 1318:1318
+1 1319:1319
+1 1320:1320
+1 1321:1321
+1 1322:1322
+1 1323:1323
+1 1324:1324
+1 1325:1325
+1 1326:1326
+1 1327:1327
+1 1328:1328
+1 1329:1329
+1 1330:1330
+1 1331:1331
+1 1332:1332
+1 1333:1333
+1 1334:1334
+1 1335:1335
+1 1336:1336
+1 1337:1337
+1 1338:1338
+1 1339:1339
+1 1340:1340
+1 1341:1341
+1 1342:1342
+1 1343:1343
+1 1344:1344
+1 1345:1345
+1 1346:1346
+1 1347:1347
+1 1348:1348
+1 1349:1349
+1 1350:1350
+1 1351:1351
+1 1352:1352
+1 1353:1353
+1 1354:1354
+1 1355:1355
+1 1356:1356
+1 1357:1357
+1 1358:1358
+1 1359:1359
+1 1360:1360
+1 1361:1361
+1 1362:1362
+1 1363:1363
+1 1364:1364
+1 1365:1365
+1 1366:1366
+1 1367:1367
+1 1368:1368
+1 1369:1369
+1 1370:1370
+1 1371:1371
+1 1372:1372
+1 1373:1373
+1 1374:1374
+1 1375:1375
+1 1376:1376
+1 1377:1377
+1 1378:1378
+1 1379:1379
+1 1380:1380
+1 1381:1381
+1 1382:1382
+1 1383:1383
+1 1384:1384
+1 1385:1385
+1 1386:1386
+1 1387:1387
+1 1388:1388
+1 1389:1389
+1 1390:1390
+1 1391:1391
+1 1392:1392
+1 1393:1393
+1 1394:1394
+1 1395:1395
+1 1396:1396
+1 1397:1397
+1 1398:1398
+1 1399:1399
+1 1400:1400
+1 1401:1401
+1 1402:1402
+1 1403:1403
+1 1404:1404
+1 1405:1405
+1 1406:1406
+1 1407:1407
+1 1408:1408
+1 1409:1409
+1 1410:1410
+1 1411:1411
+1 1412:1412
+1 1413:1413
+1 1414:1414
+1 1415:1415
+1 1416:1416
+1 1417:1417
+1 1418:1418
+1 1419:1419
+1 1420:1420
+1 1421:1421
+1 1422:1422
+1 1423:1423
+1 1424:1424
+1 1425:1425
+1 1426:1426
+1 1427:1427
+1 1428:1428
+1 1429:1429
+1 1430:1430
+1 1431:1431
+1 1432:1432
+1 1433:1433
+1 1434:1434
+1 1435:1435
+1 1436:1436
+1 1437:1437
+1 1438:1438
+1 1439:1439
+1 1440:1440
+1 1441:1441
+1 1442:1442
+1 1443:1443
+1 1444:1444
+1 1445:1445
+1 1446:1446
+1 1447:1447
+1 1448:1448
+1 1449:1449
+1 1450:1450
+1 1451:1451
+1 1452:1452
+1 1453:1453
+1 1454:1454
+1 1455:1455
+1 1456:1456
+1 1457:1457
+1 1458:1458
+1 1459:1459
+1 1460:1460
+1 1461:1461
+1 1462:1462
+1 1463:1463
+1 1464:1464
+1 1465:1465
+1 1466:1466
+1 1467:1467
+1 1468:1468
+1 1469:1469
+1 1470:1470
+1 1471:1471
+1 1472:1472
+1 1473:1473
+1 1474:1474
+1 1475:1475
+1 1476:1476
+1 1477:1477
+1 1478:1478
+1 1479:1479
+1 1480:1480
+1 1481:1481
+1 1482:1482
+1 1483:1483
+1 1484:1484
+1 1485:1485
+1 1486:1486
+1 1487:1487
+1 1488:1488
+1 1489:1489
+1 1490:1490
+1 1491:1491
+1 1492:1492
+1 1493:1493
+1 1494:1494
+1 1495:1495
+1 1496:1496
+1 1497:1497
+1 1498:1498
+1 1499:1499
+1 1500:1500
+1 1501:1501
+1 1502:1502
+1 1503:1503
+1 1504:1504
+1 1505:1505
+1 1506:1506
+1 1507:1507
+1 1508:1508
+1 1509:1509
+1 1510:1510
+1 1511:1511
+1 1512:1512
+1 1513:1513
+1 1514:1514
+1 1515:1515
+1 1516:1516
+1 1517:1517
+1 1518:1518
+1 1519:1519
+1 1520:1520
+1 1521:1521
+1 1522:1522
+1 1523:1523
+1 1524:1524
+1 1525:1525
+1 1526:1526
+1 1527:1527
+1 1528:1528
+1 1529:1529
+1 1530:1530
+1 1531:1531
+1 1532:1532
+1 1533:1533
+1 1534:1534
+1 1535:1535
+1 1536:1536
+1 1537:1537
+1 1538:1538
+1 1539:1539
+1 1540:1540
+1 1541:1541
+1 1542:1542
+1 1543:1543
+1 1544:1544
+1 1545:1545
+1 1546:1546
+1 1547:1547
+1 1548:1548
+1 1549:1549
+1 1550:1550
+1 1551:1551
+1 1552:1552
+1 1553:1553
+1 1554:1554
+1 1555:1555
+1 1556:1556
+1 1557:1557
+1 1558:1558
+1 1559:1559
+1 1560:1560
+1 1561:1561
+1 1562:1562
+1 1563:1563
+1 1564:1564
+1 1565:1565
+1 1566:1566
+1 1567:1567
+1 1568:1568
+1 1569:1569
+1 1570:1570
+1 1571:1571
+1 1572:1572
+1 1573:1573
+1 1574:1574
+1 1575:1575
+1 1576:1576
+1 1577:1577
+1 1578:1578
+1 1579:1579
+1 1580:1580
+1 1581:1581
+1 1582:1582
+1 1583:1583
+1 1584:1584
+1 1585:1585
+1 1586:1586
+1 1587:1587
+1 1588:1588
+1 1589:1589
+1 1590:1590
+1 1591:1591
+1 1592:1592
+1 1593:1593
+1 1594:1594
+1 1595:1595
+1 1596:1596
+1 1597:1597
+1 1598:1598
+1 1599:1599
+1 1600:1600
+1 1601:1601
+1 1602:1602
+1 1603:1603
+1 1604:1604
+1 1605:1605
+1 1606:1606
+1 1607:1607
+1 1608:1608
+1 1609:1609
+1 1610:1610
+1 1611:1611
+1 1612:1612
+1 1613:1613
+1 1614:1614
+1 1615:1615
+1 1616:1616
+1 1617:1617
+1 1618:1618
+1 1619:1619
+1 1620:1620
+1 1621:1621
+1 1622:1622
+1 1623:1623
+1 1624:1624
+1 1625:1625
+1 1626:1626
+1 1627:1627
+1 1628:1628
+1 1629:1629
+1 1630:1630
+1 1631:1631
+1 1632:1632
+1 1633:1633
+1 1634:1634
+1 1635:1635
+1 1636:1636
+1 1637:1637
+1 1638:1638
+1 1639:1639
+1 1640:1640
+1 1641:1641
+1 1642:1642
+1 1643:1643
+1 1644:1644
+1 1645:1645
+1 1646:1646
+1 1647:1647
+1 1648:1648
+1 1649:1649
+1 1650:1650
+1 1651:1651
+1 1652:1652
+1 1653:1653
+1 1654:1654
+1 1655:1655
+1 1656:1656
+1 1657:1657
+1 1658:1658
+1 1659:1659
+1 1660:1660
+1 1661:1661
+1 1662:1662
+1 1663:1663
+1 1664:1664
+1 1665:1665
+1 1666:1666
+1 1667:1667
+1 1668:1668
+1 1669:1669
+1 1670:1670
+1 1671:1671
+1 1672:1672
+1 1673:1673
+1 1674:1674
+1 1675:1675
+1 1676:1676
+1 1677:1677
+1 1678:1678
+1 1679:1679
+1 1680:1680
+1 1681:1681
+1 1682:1682
+1 1683:1683
+1 1684:1684
+1 1685:1685
+1 1686:1686
+1 1687:1687
+1 1688:1688
+1 1689:1689
+1 1690:1690
+1 1691:1691
+1 1692:1692
+1 1693:1693
+1 1694:1694
+1 1695:1695
+1 1696:1696
+1 1697:1697
+1 1698:1698
+1 1699:1699
+1 1700:1700
+1 1701:1701
+1 1702:1702
+1 1703:1703
+1 1704:1704
+1 1705:1705
+1 1706:1706
+1 1707:1707
+1 1708:1708
+1 1709:1709
+1 1710:1710
+1 1711:1711
+1 1712:1712
+1 1713:1713
+1 1714:1714
+1 1715:1715
+1 1716:1716
+1 1717:1717
+1 1718:1718
+1 1719:1719
+1 1720:1720
+1 1721:1721
+1 1722:1722
+1 1723:1723
+1 1724:1724
+1 1725:1725
+1 1726:1726
+1 1727:1727
+1 1728:1728
+1 1729:1729
+1 1730:1730
+1 1731:1731
+1 1732:1732
+1 1733:1733
+1 1734:1734
+1 1735:1735
+1 1736:1736
+1 1737:1737
+1 1738:1738
+1 1739:1739
+1 1740:1740
+1 1741:1741
+1 1742:1742
+1 1743:1743
+1 1744:1744
+1 1745:1745
+1 1746:1746
+1 1747:1747
+1 1748:1748
+1 1749:1749
+1 1750:1750
+1 1751:1751
+1 1752:1752
+1 1753:1753
+1 1754:1754
+1 1755:1755
+1 1756:1756
+1 1757:1757
+1 1758:1758
+1 1759:1759
+1 1760:1760
+1 1761:1761
+1 1762:1762
+1 1763:1763
+1 1764:1764
+1 1765:1765
+1 1766:1766
+1 1767:1767
+1 1768:1768
+1 1769:1769
+1 1770:1770
+1 1771:1771
+1 1772:1772
+1 1773:1773
+1 1774:1774
+1 1775:1775
+1 1776:1776
+1 1777:1777
+1 1778:1778
+1 1779:1779
+1 1780:1780
+1 1781:1781
+1 1782:1782
+1 1783:1783
+1 1784:1784
+1 1785:1785
+1 1786:1786
+1 1787:1787
+1 1788:1788
+1 1789:1789
+1 1790:1790
+1 1791:1791
+1 1792:1792
+1 1793:1793
+1 1794:1794
+1 1795:1795
+1 1796:1796
+1 1797:1797
+1 1798:1798
+1 1799:1799
+1 1800:1800
+1 1801:1801
+1 1802:1802
+1 1803:1803
+1 1804:1804
+1 1805:1805
+1 1806:1806
+1 1807:1807
+1 1808:1808
+1 1809:1809
+1 1810:1810
+1 1811:1811
+1 1812:1812
+1 1813:1813
+1 1814:1814
+1 1815:1815
+1 1816:1816
+1 1817:1817
+1 1818:1818
+1 1819:1819
+1 1820:1820
+1 1821:1821
+1 1822:1822
+1 1823:1823
+1 1824:1824
+1 1825:1825
+1 1826:1826
+1 1827:1827
+1 1828:1828
+1 1829:1829
+1 1830:1830
+1 1831:1831
+1 1832:1832
+1 1833:1833
+1 1834:1834
+1 1835:1835
+1 1836:1836
+1 1837:1837
+1 1838:1838
+1 1839:1839
+1 1840:1840
+1 1841:1841
+1 1842:1842
+1 1843:1843
+1 1844:1844
+1 1845:1845
+1 1846:1846
+1 1847:1847
+1 1848:1848
+1 1849:1849
+1 1850:1850
+1 1851:1851
+1 1852:1852
+1 1853:1853
+1 1854:1854
+1 1855:1855
+1 1856:1856
+1 1857:1857
+1 1858:1858
+1 1859:1859
+1 1860:1860
+1 1861:1861
+1 1862:1862
+1 1863:1863
+1 1864:1864
+1 1865:1865
+1 1866:1866
+1 1867:1867
+1 1868:1868
+1 1869:1869
+1 1870:1870
+1 1871:1871
+1 1872:1872
+1 1873:1873
+1 1874:1874
+1 1875:1875
+1 1876:1876
+1 1877:1877
+1 1878:1878
+1 1879:1879
+1 1880:1880
+1 1881:1881
+1 1882:1882
+1 1883:1883
+1 1884:1884
+1 1885:1885
+1 1886:1886
+1 1887:1887
+1 1888:1888
+1 1889:1889
+1 1890:1890
+1 1891:1891
+1 1892:1892
+1 1893:1893
+1 1894:1894
+1 1895:1895
+1 1896:1896
+1 1897:1897
+1 1898:1898
+1 1899:1899
+1 1900:1900
+1 1901:1901
+1 1902:1902
+1 1903:1903
+1 1904:1904
+1 1905:1905
+1 1906:1906
+1 1907:1907
+1 1908:1908
+1 1909:1909
+1 1910:1910
+1 1911:1911
+1 1912:1912
+1 1913:1913
+1 1914:1914
+1 1915:1915
+1 1916:1916
+1 1917:1917
+1 1918:1918
+1 1919:1919
+1 1920:1920
+1 1921:1921
+1 1922:1922
+1 1923:1923
+1 1924:1924
+1 1925:1925
+1 1926:1926
+1 1927:1927
+1 1928:1928
+1 1929:1929
+1 1930:1930
+1 1931:1931
+1 1932:1932
+1 1933:1933
+1 1934:1934
+1 1935:1935
+1 1936:1936
+1 1937:1937
+1 1938:1938
+1 1939:1939
+1 1940:1940
+1 1941:1941
+1 1942:1942
+1 1943:1943
+1 1944:1944
+1 1945:1945
+1 1946:1946
+1 1947:1947
+1 1948:1948
+1 1949:1949
+1 1950:1950
+1 1951:1951
+1 1952:1952
+1 1953:1953
+1 1954:1954
+1 1955:1955
+1 1956:1956
+1 1957:1957
+1 1958:1958
+1 1959:1959
+1 1960:1960
+1 1961:1961
+1 1962:1962
+1 1963:1963
+1 1964:1964
+1 1965:1965
+1 1966:1966
+1 1967:1967
+1 1968:1968
+1 1969:1969
+1 1970:1970
+1 1971:1971
+1 1972:1972
+1 1973:1973
+1 1974:1974
+1 1975:1975
+1 1976:1976
+1 1977:1977
+1 1978:1978
+1 1979:1979
+1 1980:1980
+1 1981:1981
+1 1982:1982
+1 1983:1983
+1 1984:1984
+1 1985:1985
+1 1986:1986
+1 1987:1987
+1 1988:1988
+1 1989:1989
+1 1990:1990
+1 1991:1991
+1 1992:1992
+1 1993:1993
+1 1994:1994
+1 1995:1995
+1 1996:1996
+1 1997:1997
+1 1998:1998
+1 1999:1999
+1 2000:2000
+1 2001:2001
+1 2002:2002
+1 2003:2003
+1 2004:2004
+1 2005:2005
+1 2006:2006
+1 2007:2007
+1 2008:2008
+1 2009:2009
+1 2010:2010
+1 2011:2011
+1 2012:2012
+1 2013:2013
+1 2014:2014
+1 2015:2015
+1 2016:2016
+1 2017:2017
+1 2018:2018
+1 2019:2019
+1 2020:2020
+1 2021:2021
+1 2022:2022
+1 2023:2023
+1 2024:2024
+1 2025:2025
+1 2026:2026
+1 2027:2027
+1 2028:2028
+1 2029:2029
+1 2030:2030
+1 2031:2031
+1 2032:2032
+1 2033:2033
+1 2034:2034
+1 2035:2035
+1 2036:2036
+1 2037:2037
+1 2038:2038
+1 2039:2039
+1 2040:2040
+1 2041:2041
+1 2042:2042
+1 2043:2043
+1 2044:2044
+1 2045:2045
+1 2046:2046
+1 2047:2047
+1 2048:2048
+1 2049:2049
+1 2050:2050
+1 2051:2051
+1 2052:2052
+1 2053:2053
+1 2054:2054
+1 2055:2055
+1 2056:2056
+1 2057:2057
+1 2058:2058
+1 2059:2059
+1 2060:2060
+1 2061:2061
+1 2062:2062
+1 2063:2063
+1 2064:2064
+1 2065:2065
+1 2066:2066
+1 2067:2067
+1 2068:2068
+1 2069:2069
+1 2070:2070
+1 2071:2071
+1 2072:2072
+1 2073:2073
+1 2074:2074
+1 2075:2075
+1 2076:2076
+1 2769:2769
+1 2770:2770
+1 2771:2771
+1 2772:2772
+1 2773:2773
+1 2774:2774
+1 2775:2775
+1 2776:2776
+1 2777:2777
+1 2778:2778
+1 2779:2779
+1 2780:2780
+1 2781:2781
+1 2782:2782
+1 2783:2783
+1 2784:2784
+1 2785:2785
+1 2786:2786
+1 2787:2787
+1 2788:2788
+1 2789:2789
+1 2790:2790
+1 2791:2791
+1 2792:2792
+1 2793:2793
+1 2794:2794
+1 2795:2795
+1 2796:2796
+1 2797:2797
+1 2798:2798
+1 2799:2799
+1 2800:2800
+1 2801:2801
+1 2802:2802
+1 2803:2803
+1 2804:2804
+1 2805:2805
+1 2806:2806
+1 2807:2807
+1 2808:2808
+1 2809:2809
+1 2810:2810
+1 2811:2811
+1 2812:2812
+1 2813:2813
+1 2814:2814
+1 2815:2815
+1 2816:2816
+1 2817:2817
+1 2818:2818
+1 2819:2819
+1 2820:2820
+1 2821:2821
+1 2822:2822
+1 2823:2823
+1 2824:2824
+1 2825:2825
+1 2826:2826
+1 2827:2827
+1 2828:2828
+1 2829:2829
+1 2830:2830
+1 2831:2831
+1 2832:2832
+1 2833:2833
+1 2834:2834
+1 2835:2835
+1 2836:2836
+1 2837:2837
+1 2838:2838
+1 2839:2839
+1 2840:2840
+1 2841:2841
+1 2842:2842
+1 2843:2843
+1 2844:2844
+1 2845:2845
+1 2846:2846
+1 2847:2847
+1 2848:2848
+1 2849:2849
+1 2850:2850
+1 2851:2851
+1 2852:2852
+1 2853:2853
+1 2854:2854
+1 2855:2855
+1 2856:2856
+1 2857:2857
+1 2858:2858
+1 2859:2859
+1 2860:2860
+1 2861:2861
+1 2862:2862
+1 2863:2863
+1 2864:2864
+1 2865:2865
+1 2866:2866
+1 2867:2867
+1 2868:2868
+1 2869:2869
+1 2870:2870
+1 2871:2871
+1 2872:2872
+1 2873:2873
+1 2874:2874
+1 2875:2875
+1 2876:2876
+1 2877:2877
+1 2878:2878
+1 2879:2879
+1 2880:2880
+1 2881:2881
+1 2882:2882
+1 2883:2883
+1 2884:2884
+1 2885:2885
+1 2886:2886
+1 2887:2887
+1 2888:2888
+1 2889:2889
+1 2890:2890
+1 2891:2891
+1 2892:2892
+1 2893:2893
+1 2894:2894
+1 2895:2895
+1 2896:2896
+1 2897:2897
+1 2898:2898
+1 2899:2899
+1 2900:2900
+1 2901:2901
+1 2902:2902
+1 2903:2903
+1 2904:2904
+1 2905:2905
+1 2906:2906
+1 2907:2907
+1 2908:2908
+1 2909:2909
+1 2910:2910
+1 2911:2911
+1 2912:2912
+1 2913:2913
+1 2914:2914
+1 2915:2915
+1 2916:2916
+1 2917:2917
+1 2918:2918
+1 2919:2919
+1 2920:2920
+1 2921:2921
+1 2922:2922
+1 2923:2923
+1 2924:2924
+1 2925:2925
+1 2926:2926
+1 2927:2927
+1 2928:2928
+1 2929:2929
+1 2930:2930
+1 2931:2931
+1 2932:2932
+1 2933:2933
+1 2934:2934
+1 2935:2935
+1 2936:2936
+1 2937:2937
+1 2938:2938
+1 2939:2939
+1 2940:2940
+1 2941:2941
+1 2942:2942
+1 2943:2943
+1 2944:2944
+1 2945:2945
+1 2946:2946
+1 2947:2947
+1 2948:2948
+1 2949:2949
+1 2950:2950
+1 2951:2951
+1 2952:2952
+1 2953:2953
+1 2954:2954
+1 2955:2955
+1 2956:2956
+1 2957:2957
+1 2958:2958
+1 2959:2959
+1 2960:2960
+1 2961:2961
+1 2962:2962
+1 2963:2963
+1 2964:2964
+1 2965:2965
+1 2966:2966
+1 2967:2967
+1 2968:2968
+1 2969:2969
+1 2970:2970
+1 2971:2971
+1 2972:2972
+1 2973:2973
+1 2974:2974
+1 2975:2975
+1 2976:2976
+1 2977:2977
+1 2978:2978
+1 2979:2979
+1 2980:2980
+1 2981:2981
+1 2982:2982
+1 2983:2983
+1 2984:2984
+1 2985:2985
+1 2986:2986
+1 2987:2987
+1 2988:2988
+1 2989:2989
+1 2990:2990
+1 2991:2991
+1 2992:2992
+1 2993:2993
+1 2994:2994
+1 2995:2995
+1 2996:2996
+1 2997:2997
+1 2998:2998
+1 2999:2999
+1 3000:3000
+1 3001:3001
+1 3002:3002
+1 3003:3003
+1 3004:3004
+1 3005:3005
+1 3006:3006
+1 3007:3007
+1 3008:3008
+1 3009:3009
+1 3010:3010
+1 3011:3011
+1 3012:3012
+1 3013:3013
+1 3014:3014
+1 3015:3015
+1 3016:3016
+1 3017:3017
+1 3018:3018
+1 3019:3019
+1 3020:3020
+1 3021:3021
+1 3022:3022
+1 3023:3023
+1 3024:3024
+1 3025:3025
+1 3026:3026
+1 3027:3027
+1 3028:3028
+1 3029:3029
+1 3030:3030
+1 3031:3031
+1 3032:3032
+1 3033:3033
+1 3034:3034
+1 3035:3035
+1 3036:3036
+1 3037:3037
+1 3038:3038
+1 3039:3039
+1 3040:3040
+1 3041:3041
+1 3042:3042
+1 3043:3043
+1 3044:3044
+1 3045:3045
+1 3046:3046
+1 3047:3047
+1 3048:3048
+1 3049:3049
+1 3050:3050
+1 3051:3051
+1 3052:3052
+1 3053:3053
+1 3054:3054
+1 3055:3055
+1 3056:3056
+1 3057:3057
+1 3058:3058
+1 3059:3059
+1 3060:3060
+1 3061:3061
+1 3062:3062
+1 3063:3063
+1 3064:3064
+1 3065:3065
+1 3066:3066
+1 3067:3067
+1 3068:3068
+1 3069:3069
+1 3070:3070
+1 3071:3071
+1 3072:3072
+1 3073:3073
+1 3074:3074
+1 3075:3075
+1 3076:3076
+1 3077:3077
+1 3078:3078
+1 3079:3079
+1 3080:3080
+1 3081:3081
+1 3082:3082
+1 3083:3083
+1 3084:3084
+1 3085:3085
+1 3086:3086
+1 3087:3087
+1 3088:3088
+1 3089:3089
+1 3090:3090
+1 3091:3091
+1 3092:3092
+1 3093:3093
+1 3094:3094
+1 3095:3095
+1 3096:3096
+1 3097:3097
+1 3098:3098
+1 3099:3099
+1 3100:3100
+1 3101:3101
+1 3102:3102
+1 3103:3103
+1 3104:3104
+1 3105:3105
+1 3106:3106
+1 3107:3107
+1 3108:3108
+1 3109:3109
+1 3110:3110
+1 3111:3111
+1 3112:3112
+1 3113:3113
+1 3114:3114
+1 3115:3115
+1 3116:3116
+1 3117:3117
+1 3118:3118
+1 3119:3119
+1 3120:3120
+1 3121:3121
+1 3122:3122
+1 3123:3123
+1 3124:3124
+1 3125:3125
+1 3126:3126
+1 3127:3127
+1 3128:3128
+1 3129:3129
+1 3130:3130
+1 3131:3131
+1 3132:3132
+1 3133:3133
+1 3134:3134
+1 3135:3135
+1 3136:3136
+1 3137:3137
+1 3138:3138
+1 3139:3139
+1 3140:3140
+1 3141:3141
+1 3142:3142
+1 3143:3143
+1 3144:3144
+1 3145:3145
+1 3146:3146
+1 3147:3147
+1 3148:3148
+1 3149:3149
+1 3150:3150
+1 3151:3151
+1 3152:3152
+1 3153:3153
+1 3154:3154
+1 3155:3155
+1 3156:3156
+1 3157:3157
+1 3158:3158
+1 3159:3159
+1 3160:3160
+1 3161:3161
+1 3162:3162
+1 3163:3163
+1 3164:3164
+1 3165:3165
+1 3166:3166
+1 3167:3167
+1 3168:3168
+1 3169:3169
+1 3170:3170
+1 3171:3171
+1 3172:3172
+1 3173:3173
+1 3174:3174
+1 3175:3175
+1 3176:3176
+1 3177:3177
+1 3178:3178
+1 3179:3179
+1 3180:3180
+1 3181:3181
+1 3182:3182
+1 3183:3183
+1 3184:3184
+1 3185:3185
+1 3186:3186
+1 3187:3187
+1 3188:3188
+1 3189:3189
+1 3190:3190
+1 3191:3191
+1 3192:3192
+1 3193:3193
+1 3194:3194
+1 3195:3195
+1 3196:3196
+1 3197:3197
+1 3198:3198
+1 3199:3199
+1 3200:3200
+1 3201:3201
+1 3202:3202
+1 3203:3203
+1 3204:3204
+1 3205:3205
+1 3206:3206
+1 3207:3207
+1 3208:3208
+1 3209:3209
+1 3210:3210
+1 3211:3211
+1 3212:3212
+1 3213:3213
+1 3214:3214
+1 3215:3215
+1 3216:3216
+1 3217:3217
+1 3218:3218
+1 3219:3219
+1 3220:3220
+1 3221:3221
+1 3222:3222
+1 3223:3223
+1 3224:3224
+1 3225:3225
+1 3226:3226
+1 3227:3227
+1 3228:3228
+1 3229:3229
+1 3230:3230
+1 3231:3231
+1 3232:3232
+1 3233:3233
+1 3234:3234
+1 3235:3235
+1 3236:3236
+1 3237:3237
+1 3238:3238
+1 3239:3239
+1 3240:3240
+1 3241:3241
+1 3242:3242
+1 3243:3243
+1 3244:3244
+1 3245:3245
+1 3246:3246
+1 3247:3247
+1 3248:3248
+1 3249:3249
+1 3250:3250
+1 3251:3251
+1 3252:3252
+1 3253:3253
+1 3254:3254
+1 3255:3255
+1 3256:3256
+1 3257:3257
+1 3258:3258
+1 3259:3259
+1 3260:3260
+1 3261:3261
+1 3262:3262
+1 3263:3263
+1 3264:3264
+1 3265:3265
+1 3266:3266
+1 3267:3267
+1 3268:3268
+1 3269:3269
+1 3270:3270
+1 3271:3271
+1 3272:3272
+1 3273:3273
+1 3274:3274
+1 3275:3275
+1 3276:3276
+1 3277:3277
+1 3278:3278
+1 3279:3279
+1 3280:3280
+1 3281:3281
+1 3282:3282
+1 3283:3283
+1 3284:3284
+1 3285:3285
+1 3286:3286
+1 3287:3287
+1 3288:3288
+1 3289:3289
+1 3290:3290
+1 3291:3291
+1 3292:3292
+1 3293:3293
+1 3294:3294
+1 3295:3295
+1 3296:3296
+1 3297:3297
+1 3298:3298
+1 3299:3299
+1 3300:3300
+1 3301:3301
+1 3302:3302
+1 3303:3303
+1 3304:3304
+1 3305:3305
+1 3306:3306
+1 3307:3307
+1 3308:3308
+1 3309:3309
+1 3310:3310
+1 3311:3311
+1 3312:3312
+1 3313:3313
+1 3314:3314
+1 3315:3315
+1 3316:3316
+1 3317:3317
+1 3318:3318
+1 3319:3319
+1 3320:3320
+1 3321:3321
+1 3322:3322
+1 3323:3323
+1 3324:3324
+1 3325:3325
+1 3326:3326
+1 3327:3327
+1 3328:3328
+1 3329:3329
+1 3330:3330
+1 3331:3331
+1 3332:3332
+1 3333:3333
+1 3334:3334
+1 3335:3335
+1 3336:3336
+1 3337:3337
+1 3338:3338
+1 3339:3339
+1 3340:3340
+1 3341:3341
+1 3342:3342
+1 3343:3343
+1 3344:3344
+1 3345:3345
+1 3346:3346
+1 3347:3347
+1 3348:3348
+1 3349:3349
+1 3350:3350
+1 3351:3351
+1 3352:3352
+1 3353:3353
+1 3354:3354
+1 3355:3355
+1 3356:3356
+1 3357:3357
+1 3358:3358
+1 3359:3359
+1 3360:3360
+1 3361:3361
+1 3362:3362
+1 3363:3363
+1 3364:3364
+1 3365:3365
+1 3366:3366
+1 3367:3367
+1 3368:3368
+1 3369:3369
+1 3370:3370
+1 3371:3371
+1 3372:3372
+1 3373:3373
+1 3374:3374
+1 3375:3375
+1 3376:3376
+1 3377:3377
+1 3378:3378
+1 3379:3379
+1 3380:3380
+1 3381:3381
+1 3382:3382
+1 3383:3383
+1 3384:3384
+1 3385:3385
+1 3386:3386
+1 3387:3387
+1 3388:3388
+1 3389:3389
+1 3390:3390
+1 3391:3391
+1 3392:3392
+1 3393:3393
+1 3394:3394
+1 3395:3395
+1 3396:3396
+1 3397:3397
+1 3398:3398
+1 3399:3399
+1 3400:3400
+1 3401:3401
+1 3402:3402
+1 3403:3403
+1 3404:3404
+1 3405:3405
+1 3406:3406
+1 3407:3407
+1 3408:3408
+1 3409:3409
+1 3410:3410
+1 3411:3411
+1 3412:3412
+1 3413:3413
+1 3414:3414
+1 3415:3415
+1 3416:3416
+1 3417:3417
+1 3418:3418
+1 3419:3419
+1 3420:3420
+1 3421:3421
+1 3422:3422
+1 3423:3423
+1 3424:3424
+1 3425:3425
+1 3426:3426
+1 3427:3427
+1 3428:3428
+1 3429:3429
+1 3430:3430
+1 3431:3431
+1 3432:3432
+1 3433:3433
+1 3434:3434
+1 3435:3435
+1 3436:3436
+1 3437:3437
+1 3438:3438
+1 3439:3439
+1 3440:3440
+1 3441:3441
+1 3442:3442
+1 3443:3443
+1 3444:3444
+1 3445:3445
+1 3446:3446
+1 3447:3447
+1 3448:3448
+1 3449:3449
+1 3450:3450
+1 3451:3451
+1 3452:3452
+1 3453:3453
+1 3454:3454
+1 3455:3455
+1 3456:3456
+1 3457:3457
+1 3458:3458
+1 3459:3459
+1 3460:3460
+1 3461:3461
+1 3462:3462
+1 3463:3463
+1 3464:3464
-1 3465:3465
-1 3466:3466
-1 3467:3467
-1 3468:3468
-1 3469:3469
-1 3470:3470
-1 3471:3471
-1 3472:3472
-1 3473:3473
-1 3474:3474
-1 3475:3475
-1 3476:3476
-1 3477:3477
-1 3478:3478
-1 3479:3479
-1 3480:3480
-1 3481:3481
-1 3482:3482
-1 3483:3483
-1 3484:3484
-1 3485:3485
-1 3486:3486
-1 3487:3487
-1 3488:3488
-1 3489:3489
-1 3490:3490
-1 3491:3491
-1 3492:3492
-1 3493:3493
-1 3494:3494
-1 3495:3495
-1 3496:3496
-1 3497:3497
-1 3498:3498
-1 3499:3499
-1 3500:3500
-1 3501:3501
-1 3502:3502
-1 3503:3503
-1 3504:3504
-1 3505:3505
-1 3506:3506
-1 3507:3507
-1 3508:3508
-1 3509:3509
-1 3510:3510
-1 3511:3511
-1 3512:3512
-1 3513:3513
-1 3514:3514
-1 3515:3515
-1 3516:3516
-1 3517:3517
-1 3518:3518
-1 3519:3519
-1 3520:3520
-1 3521:3521
-1 3522:3522
-1 3523:3523
-1 3524:3524
-1 3525:3525
-1 3526:3526
-1 3527:3527
-1 3528:3528
-1 3529:3529
-1 3530:3530
-1 3531:3531
-1 3532:3532
-1 3533:3533
-1 3534:3534
-1 3535:3535
-1 3536:3536
-1 3537:3537
-1 3538:3538
-1 3539:3539
-1 3540:3540
-1 3541:3541
-1 3542:3542
-1 3543:3543
-1 3544:3544
-1 3545:3545
-1 3546:3546
-1 3547:3547
-1 3548:3548
-1 3549:3549
-1 3550:3550
-1 3551:3551
-1 3552:3552
-1 3553:3553
-1 3554:3554
-1 3555:3555
-1 3556:3556
-1 3557:3557
-1 3558:3558
-1 3559:3559
-1 3560:3560
-1 3561:3561
-1 3562:3562
-1 3563:3563
-1 3564:3564
-1 3565:3565
-1 3566:3566
-1 3567:3567
-1 3568:3568
-1 3569:3569
-1 3570:3570
-1 3571:3571
-1 3572:3572
-1 3573:3573
-1 3574:3574
-1 3575:3575
-1 3576:3576
-1 3577:3577
-1 3578:3578
-1 3579:3579
-1 3580:3580
-1 3581:3581
-1 3582:3582
-1 3583:3583
-1 3584:3584
-1 3585:3585
-1 3586:3586
-1 3587:3587
-1 3588:3588
-1 3589:3589
-1 3590:3590
-1 3591:3591
-1 3592:3592
-1 3593:3593
-1 3594:3594
-1 3595:3595
-1 3596:3596
-1 3597:3597
-1 3598:3598
-1 3599:3599
-1 3600:3600
-1 3601:3601
-1 3602:3602
-1 3603:3603
-1 3604:3604
-1 3605:3605
-1 3606:3606
-1 3607:3607
-1 3608:3608
-1 3609:3609
-1 3610:3610
-1 3611:3611
-1 3612:3612
-1 3613:3613
-1 3614:3614
-1 3615:3615
-1 3616:3616
-1 3617:3617
-1 3618:3618
-1 3619:3619
-1 3620:3620
-1 3621:3621
-1 3622:3622
-1 3623:3623
-1 3624:3624
-1 3625:3625
-1 3626:3626
-1 3627:3627
-1 3628:3628
-1 3629:3629
-1 3630:3630
-1 3631:3631
-1 3632:3632
-1 3633:3633
-1 3634:3634
-1 3635:3635
-1 3636:3636
-1 3637:3637
-1 3638:3638
-1 3639:3639
-1 3640:3640
-1 3641:3641
-1 3642:3642
-1 3643:3643
-1 3644:3644
-1 3645:3645
-1 3646:3646
-1 3647:3647
-1 3648:3648
-1 3649:3649
-1 3650:3650
-1 3651:3651
-1 3652:3652
-1 3653:3653
-1 3654:3654
-1 3655:3655
-1 3656:3656
-1 3657:3657
-1 3658:3658
-1 3659:3659
-1 3660:3660
-1 3661:3661
-1 3662:3662
-1 3663:3663
-1 3664:3664
-1 3665:3665
-1 3666:3666
-1 3667:3667
-1 3668:3668
-1 3669:3669
-1 3670:3670
-1 3671:3671
-1 3672:3672
-1 3673:3673
-1 3674:3674
-1 3675:3675
-1 3676:3676
-1 3677:3677
-1 3678:3678
-1 3679:3679
-1 3680:3680
-1 3681:3681
-1 3682:3682
-1 3683:3683
-1 3684:3684
-1 3685:3685
-1 3686:3686
-1 3687:3687
-1 3688:3688
-1 3689:3689
-1 3690:3690
-1 3691:3691
-1 3692:3692
-1 3693:3693
-1 3694:3694
-1 3695:3695
-1 3696:3696
-1 3697:3697
-1 3698:3698
-1 3699:3699
-1 3700:3700
-1 3701:3701
-1 3702:3702
-1 3703:3703
-1 3704:3704
-1 3705:3705
-1 3706:3706
-1 3707:3707
-1 3708:3708
-1 3709:3709
-1 3710:3710
-1 3711:3711
-1 3712:3712
-1 3713:3713
-1 3714:3714
-1 3715:3715
-1 3716:3716
-1 3717:3717
-1 3718:3718
-1 3719:3719
-1 3720:3720
-1 3721:3721
-1 3722:3722
-1 3723:3723
-1 3724:3724
-1 3725:3725
-1 3726:3726
-1 3727:3727
-1 3728:3728
-1 3729:3729
-1 3730:3730
-1 3731:3731
-1 3732:3732
-1 3733:3733
-1 3734:3734
-1 3735:3735
-1 3736:3736
-1 3737:3737
-1 3738:3738
-1 3739:3739
-1 3740:3740
-1 3741:3741
-1 3742:3742
-1 3743:3743
-1 3744:3744
-1 3745:3745
-1 3746:3746
-1 3747:3747
-1 3748:3748
-1 3749:3749
-1 3750:3750
-1 3751:3751
-1 3752:3752
-1 3753:3753
-1 3754:3754
-1 3755:3755
-1 3756:3756
-1 3757:3757
-1 3758:3758
-1 3759:3759
-1 3760:3760
-1 3761:3761
-1 3762:3762
-1 3763:3763
-1 3764:3764
-1 3765:3765
-1 3766:3766
-1 3767:3767
-1 3768:3768
-1 3769:3769
-1 3770:3770
-1 3771:3771
-1 3772:3772
-1 3773:3773
-1 3774:3774
-1 3775:3775
-1 3776:3776
-1 3777:3777
-1 3778:3778
-1 3779:3779
-1 3780:3780
-1 3781:3781
-1 3782:3782
-1 3783:3783
-1 3784:3784
-1 3785:3785
-1 3786:3786
-1 3787:3787
-1 3788:3788
-1 3789:3789
-1 3790:3790
-1 3791:3791
-1 3792:3792
-1 3793:3793
-1 3794:3794
-1 3795:3795
-1 3796:3796
-1 3797:3797
-1 3798:3798
-1 3799:3799
-1 3800:3800
-1 3801:3801
-1 3802:3802
-1 3803:3803
-1 3804:3804
-1 3805:3805
-1 3806:3806
-1 3807:3807
-1 3808:3808
-1 3809:3809
-1 3810:3810
-1 3811:3811
-1 3812:3812
-1 3813:3813
-1 3814:3814
-1 3815:3815
-1 3816:3816
-1 3817:3817
-1 3818:3818
-1 3819:3819
-1 3820:3820
-1 3821:3821
-1 3822:3822
-1 3823:3823
-1 3824:3824
-1 3825:3825
-1 3826:3826
-1 3827:3827
-1 3828:3828
-1 3829:3829
-1 3830:3830
-1 3831:3831
-1 3832:3832
-1 3833:3833
-1 3834:3834
-1 3835:3835
-1 3836:3836
-1 3837:3837
-1 3838:3838
-1 3839:3839
-1 3840:3840
-1 3841:3841
-1 3842:3842
-1 3843:3843
-1 3844:3844
-1 3845:3845
-1 3846:3846
-1 3847:3847
-1 3848:3848
-1 3849:3849
-1 3850:3850
-1 3851:3851
-1 3852:3852
-1 3853:3853
-1 3854:3854
-1 3855:3855
-1 3856:3856
-1 3857:3857
-1 3858:3858
-1 3859:3859
-1 3860:3860
-1 3861:3861
-1 3862:3862
-1 3863:3863
-1 3864:3864
-1 3865:3865
-1 3866:3866
-1 3867:3867
-1 3868:3868
-1 3869:3869
-1 3870:3870
-1 3871:3871
-1 3872:3872
-1 3873:3873
-1 3874:3874
-1 3875:3875
-1 3876:3876
-1 3877:3877
-1 3878:3878
-1 3879:3879
-1 3880:3880
-1 3881:3881
-1 3882:3882
-1 3883:3883
-1 3884:3884
-1 3885:3885
-1 3886:3886
-1 3887:3887
-1 3888:3888
-1 3889:3889
-1 3890:3890
-1 3891:3891
-1 3892:3892
-1 3893:3893
-1 3894:3894
-1 3895:3895
-1 3896:3896
-1 3897:3897
-1 3898:3898
-1 3899:3899
-1 3900:3900
-1 3901:3901
-1 3902:3902
-1 3903:3903
-1 3904:3904
-1 3905:3905
-1 3906:3906
-1 3907:3907
-1 3908:3908
-1 3909:3909
-1 3910:3910
-1 3911:3911
-1 3912:3912
-1 3913:3913
-1 3914:3914
-1 3915:3915
-1 3916:3916
-1 3917:3917
-1 3918:3918
-1 3919:3919
-1 3920:3920
-1 3921:3921
-1 3922:3922
-1 3923:3923
-1 3924:3924
-1 3925:3925
-1 3926:3926
-1 3927:3927
-1 3928:3928
-1 3929:3929
-1 3930:3930
-1 3931:3931
-1 3932:3932
-1 3933:3933
-1 3934:3934
-1 3935:3935
-1 3936:3936
-1 3937:3937
-1 3938:3938
-1 3939:3939
-1 3940:3940
-1 3941:3941
-1 3942:3942
-1 3943:3943
-1 3944:3944
-1 3945:3945
-1 3946:3946
-1 3947:3947
-1 3948:3948
-1 3949:3949
-1 3950:3950
-1 3951:3951
-1 3952:3952
-1 3953:3953
-1 3954:3954
-1 3955:3955
-1 3956:3956
-1 3957:3957
-1 3958:3958
-1 3959:3959
-1 3960:3960
-1 3961:3961
-1 3962:3962
-1 3963:3963
-1 3964:3964
-1 3965:3965
-1 3966:3966
-1 3967:3967
-1 3968:3968
-1 3969:3969
-1 3970:3970
-1 3971:3971
-1 3972:3972
-1 3973:3973
-1 3974:3974
-1 3975:3975
-1 3976:3976
-1 3977:3977
-1 3978:3978
-1 3979:3979
-1 3980:3980
-1 3981:3981
-1 3982:3982
-1 3983:3983
-1 3984:3984
-1 3985:3985
-1 3986:3986
-1 3987:3987
-1 3988:3988
-1 3989:3989
-1 3990:3990
-1 3991:3991
-1 3992:3992
-1 3993:3993
-1 3994:3994
-1 3995:3995
-1 3996:3996
-1 3997:3997
-1 3998:3998
-1 3999:3999
-1 4000:4000
-1 4001:4001
-1 4002:4002
-1 4003:4003
-1 4004:4004
-1 4005:4005
-1 4006:4006
-1 4007:4007
-1 4008:4008
-1 4009:4009
-1 4010:4010
-1 4011:4011
-1 4012:4012
-1 4013:4013
-1 4014:4014
-1 4015:4015
-1 4016:4016
-1 4017:4017
-1 4018:4018
-1 4019:4019
-1 4020:4020
-1 4021:4021
-1 4022:4022
-1 4023:4023
-1 4024:4024
-1 4025:4025
-1 4026:4026
-1 4027:4027
-1 4028:4028
-1 4029:4029
-1 4030:4030
-1 4031:4031
-1 4032:4032
-1 4033:4033
-1 4034:4034
-1 4035:4035
-1 4036:4036
-1 4037:4037
-1 4038:4038
-1 4039:4039
-1 4040:4040
-1 4041:4041
-1 4042:4042
-1 4043:4043
-1 4044:4044
-1 4045:4045
-1 4046:4046
-1 4047:4047
-1 4048:4048
-1 4049:4049
-1 4050:4050
-1 4051:4051
-1 4052:4052
-1 4053:4053
-1 4054:4054
-1 4055:4055
-1 4056:4056
-1 4057:4057
-1 4058:4058
-1 4059:4059
-1 4060:4060
-1 4061:4061
-1 4062:4062
-1 4063:4063
-1 4064:4064
-1 4065:4065
-1 4066:4066
-1 4067:4067
-1 4068:4068
-1 4069:4069
-1 4070:4070
-1 4071:4071
-1 4072:4072
-1 4073:4073
-1 4074:4074
-1 4075:4075
-1 4076:4076
-1 4077:4077
-1 4078:4078
-1 4079:4079
-1 4080:4080
-1 4081:4081
-1 4082:4082
-1 4083:4083
-1 4084:4084
-1 4085:4085
-1 4086:4086
-1 4087:4087
-1 4088:4088
-1 4089:4089
-1 4090:4090
-1 4091:4091
-1 4092:4092
-1 4093:4093
-1 4094:4094
-1 4095:4095
-1 4096:4096
-1 4097:4097
-1 4098:4098
-1 4099:4099
-1 4100:4100
-1 4101:4101
-1 4102:4102
-1 4103:4103
-1 4104:4104
-1 4105:4105
-1 4106:4106
-1 4107:4107
-1 4108:4108
-1 4109:4109
-1 4110:4110
-1 4111:4111
-1 4112:4112
-1 4113:4113
-1 4114:4114
-1 4115:4115
-1 4116:4116
-1 4117:4117
-1 4118:4118
-1 4119:4119
-1 4120:4120
-1 4121:4121
-1 4122:4122
-1 4123:4123
-1 4124:4124
-1 4125:4125
-1 4126:4126
-1 4127:4127
-1 4128:4128
-1 4129:4129
-1 4130:4130
-1 4131:4131
-1 4132:4132
-1 4133:4133
-1 4134:4134
-1 4135:4135
-1 4136:4136
-1 4137:4137
-1 4138:4138
-1 4139:4139
-1 4140:4140
-1 4141:4141
-1 4142:4142
-1 4143:4143
-1 4144:4144
-1 4145:4145
-1 4146:4146
-1 4147:4147
-1 4148:4148
-1 4149:4149
-1 4150:4150
-1 4151:4151
-1 4152:4152
-1 4153:4153
-1 4154:4154
-1 4155:4155
-1 4156:4156
-1 4157:4157
-1 4158:4158
-1 4159:4159
-1 4160:4160
-1 4161:4161
-1 4162:4162
-1 4163:4163
-1 4164:4164
-1 4165:4165
-1 4166:4166
-1 4167:4167
-1 4168:4168
-1 4169:4169
-1 4170:4170
-1 4171:4171
-1 4172:4172
-1 4173:4173
-1 4174:4174
-1 4175:4175
-1 4176:4176
-1 4177:4177
-1 4178:4178
-1 4179:4179
-1 4180:4180
-1 4181:4181
-1 4182:4182
-1 4183:4183
-1 4184:4184
-1 4185:4185
-1 4186:4186
-1 4187:4187
-1 4188:4188
-1 4189:4189
-1 4190:4190
-1 4191:4191
-1 4192:4192
-1 4193:4193
-1 4194:4194
-1 4195:4195
-1 4196:4196
-1 4197:4197
-1 4198:4198
-1 4199:4199
-1 4200:4200
-1 4201:4201
-1 4202:4202
-1 4203:4203
-1 4204:4204
-1 4205:4205
-1 4206:4206
-1 4207:4207
-1 4208:4208
-1 4209:4209
-1 4210:4210
-1 4211:4211
-1 4212:4212
-1 4213:4213
-1 4214:4214
-1 4215:4215
-1 4216:4216
-1 4217:4217
-1 4218:4218
-1 4219:4219
-1 4220:4220
-1 4221:4221
-1 4222:4222
-1 4223:4223
-1 4224:4224
-1 4225:4225
-1 4226:4226
-1 4227:4227
-1 4228:4228
-1 4229:4229
-1 4230:4230
-1 4231:4231
-1 4232:4232
-1 4233:4233
-1 4234:4234
-1 4235:4235
-1 4236:4236
-1 4237:4237
-1 4238:4238
-1 4239:4239
-1 4240:4240
-1 4241:4241
-1 4242:4242
-1 4243:4243
-1 4244:4244
-1 4245:4245
-1 4246:4246
-1 4247:4247
-1 4248:4248
-1 4249:4249
-1 4250:4250
-1 4251:4251
-1 4252:4252
-1 4253:4253
-1 4254:4254
-1 4255:4255
-1 4256:4256
-1 4257:4257
-1 4258:4258
-1 4259:4259
-1 4260:4260
-1 4261:4261
-1 4262:4262
-1 4263:4263
-1 4264:4264
-1 4265:4265
-1 4266:4266
-1 4267:4267
-1 4268:4268
-1 4269:4269
-1 4270:4270
-1 4271:4271
-1 4272:4272
-1 4273:4273
-1 4274:4274
-1 4275:4275
-1 4276:4276
-1 4277:4277
-1 4278:4278
-1 4279:4279
-1 4280:4280
-1 4281:4281
-1 4282:4282
-1 4283:4283
-1 4284:4284
-1 4285:4285
-1 4286:4286
-1 4287:4287
-1 4288:4288
-1 4289:4289
-1 4290:4290
-1 4291:4291
-1 4292:4292
-1 4293:4293
-1 4294:4294
-1 4295:4295
-1 4296:4296
-1 4297:4297
-1 4298:4298
-1 4299:4299
-1 4300:4300
-1 4301:4301
-1 4302:4302
-1 4303:4303
-1 4304:4304
-1 4305:4305
-1 4306:4306
-1 4307:4307
-1 4308:4308
-1 4309:4309
-1 4310:4310
-1 4311:4311
-1 4312:4312
-1 4313:4313
-1 4314:4314
-1 4315:4315
-1 4316:4316
-1 4317:4317
-1 4318:4318
-1 4319:4319
-1 4320:4320
-1 4321:4321
-1 4322:4322
-1 4323:4323
-1 4324:4324
-1 4325:4325
-1 4326:4326
-1 4327:4327
-1 4328:4328
-1 4329:4329
-1 4330:4330
-1 4331:4331
-1 4332:4332
-1 4333:4333
-1 4334:4334
-1 4335:4335
-1 4336:4336
-1 4337:4337
-1 4338:4338
-1 4339:4339
-1 4340:4340
-1 4341:4341
-1 4342:4342
-1 4343:4343
-1 4344:4344
-1 4345:4345
-1 4346:4346
-1 4347:4347
-1 4348:4348
-1 4349:4349
-1 4350:4350
-1 4351:4351
-1 4352:4352
-1 4353:4353
-1 4354:4354
-1 4355:4355
-1 4356:4356
-1 4357:4357
-1 4358:4358
-1 4359:4359
-1 4360:4360
-1 4361:4361
-1 4362:4362
-1 4363:4363
-1 4364:4364
-1 4365:4365
-1 4366:4366
-1 4367:4367
-1 4368:4368
-1 4369:4369
-1 4370:4370
-1 4371:4371
-1 4372:4372
-1 4373:4373
-1 4374:4374
-1 4375:4375
-1 4376:4376
-1 4377:4377
-1 4378:4378
-1 4379:4379
-1 4380:4380
-1 4381:4381
-1 4382:4382
-1 4383:4383
-1 4384:4384
-1 4385:4385
-1 4386:4386
-1 4387:4387
-1 4388:4388
-1 4389:4389
-1 4390:4390
-1 4391:4391
-1 4392:4392
-1 4393:4393
-1 4394:4394
-1 4395:4395
-1 4396:4396
-1 4397:4397
-1 4398:4398
-1 4399:4399
-1 4400:4400
-1 4401:4401
-1 4402:4402
-1 4403:4403
-1 4404:4404
-1 4405:4405
-1 4406:4406
-1 4407:4407
-1 4408:4408
-1 4409:4409
-1 4410:4410
-1 4411:4411
-1 4412:4412
-1 4413:4413
-1 4414:4414
-1 4415:4415
-1 4416:4416
-1 4417:4417
-1 4418:4418
-1 4419:4419
-1 4420:4420
-1 4421:4421
-1 4422:4422
-1 4423:4423
-1 4424:4424
-1 4425:4425
-1 4426:4426
-1 4427:4427
-1 4428:4428
-1 4429:4429
-1 4430:4430
-1 4431:4431
-1 4432:4432
-1 4433:4433
-1 4434:4434
-1 4435:4435
-1 4436:4436
-1 4437:4437
-1 4438:4438
-1 4439:4439
-1 4440:4440
-1 4441:4441
-1 4442:4442
-1 4443:4443
-1 4444:4444
-1 4445:4445
-1 4446:4446
-1 4447:4447
-1 4448:4448
-1 4449:4449
-1 4450:4450
-1 4451:4451
-1 4452:4452
-1 4453:4453
-1 4454:4454
-1 4455:4455
-1 4456:4456
-1 4457:4457
-1 4458:4458
-1 4459:4459
-1 4460:4460
-1 4461:4461
-1 4462:4462
-1 4463:4463
-1 4464:4464
-1 4465:4465
-1 4466:4466
-1 4467:4467
-1 4468:4468
-1 4469:4469
-1 4470:4470
-1 4471:4471
-1 4472:4472
-1 4473:4473
-1 4474:4474
-1 4475:4475
-1 4476:4476
-1 4477:4477
-1 4478:4478
-1 4479:4479
-1 4480:4480
-1 4481:4481
-1 4482:4482
-1 4483:4483
-1 4484:4484
-1 4485:4485
-1 4486:4486
-1 4487:4487
-1 4488:4488
-1 4489:4489
-1 4490:4490
-1 4491:4491
-1 4492:4492
-1 4493:4493
-1 4494:4494
-1 4495:4495
-1 4496:4496
-1 4497:4497
-1 4498:4498
-1 4499:4499
-1 4500:4500
-1 4501:4501
-1 4502:4502
-1 4503:4503
-1 4504:4504
-1 4505:4505
-1 4506:4506
-1 4507:4507
-1 4508:4508
-1 4509:4509
-1 4510:4510
-1 4511:4511
-1 4512:4512
-1 4513:4513
-1 4514:4514
-1 4515:4515
-1 4516:4516
-1 4517:4517
-1 4518:4518
-1 4519:4519
-1 4520:4520
-1 4521:4521
-1 4522:4522
-1 4523:4523
-1 4524:4524
-1 4525:4525
-1 4526:4526
-1 4527:4527
-1 4528:4528
-1 4529:4529
-1 4530:4530
-1 4531:4531
-1 4532:4532
-1 4533:4533
-1 4534:4534
-1 4535:4535
-1 4536:4536
-1 4537:4537
-1 4538:4538
-1 4539:4539
-1 4540:4540
-1 4541:4541
-1 4542:4542
-1 4543:4543
-1 4544:4544
-1 4545:4545
-1 4546:4546
-1 4547:4547
-1 4548:4548
-1 4549:4549
-1 4550:4550
-1 4551:4551
-1 4552:4552
-1 4553:4553
-1 4554:4554
-1 4555:4555
-1 4556:4556
-1 4557:4557
-1 4558:4558
-1 4559:4559
-1 4560:4560
-1 4561:4561
-1 4562:4562
-1 4563:4563
-1 4564:4564
-1 4565:4565
-1 4566:4566
-1 4567:4567
-1 4568:4568
-1 4569:4569
-1 4570:4570
-1 4571:4571
-1 4572:4572
-1 4573:4573
-1 4574:4574
-1 4575:4575
-1 4576:4576
-1 4577:4577
-1 4578:4578
-1 4579:4579
-1 4580:4580
-1 4581:4581
-1 4582:4582
-1 4583:4583
-1 4584:4584
-1 4585:4585
-1 4586:4586
-1 4587:4587
-1 4588:4588
-1 4589:4589
-1 4590:4590
-1 4591:4591
-1 4592:4592
-1 4593:4593
-1 4594:4594
-1 4595:4595
-1 4596:4596
-1 4597:4597
-1 4598:4598
-1 4599:4599
-1 4600:4600
-1 4601:4601
-1 4602:4602
-1 4603:4603
-1 4604:4604
-1 4605:4605
-1 4606:4606
-1 4607:4607
-1 4608:4608
-1 4609:4609
-1 4610:4610
-1 4611:4611
-1 4612:4612
-1 4613:4613
-1 4614:4614
-1 4615:4615
-1 4616:4616
-1 4617:4617
-1 4618:4618
-1 4619:4619
-1 4620:4620
-1 4621:4621
-1 4622:4622
-1 4623:4623
-1 4624:4624
-1 4625:4625
-1 4626:4626
-1 4627:4627
-1 4628:4628
-1 4629:4629
-1 4630:4630
-1 4631:4631
-1 4632:4632
-1 4633:4633
-1 4634:4634
-1 4635:4635
-1 4636:4636
-1 4637:4637
-1 4638:4638
-1 4639:4639
-1 4640:4640
-1 4641:4641
-1 4642:4642
-1 4643:4643
-1 4644:4644
-1 4645:4645
-1 4646:4646
-1 4647:4647
-1 4648:4648
-1 4649:4649
-1 4650:4650
-1 4651:4651
-1 4652:4652
-1 4653:4653
-1 4654:4654
-1 4655:4655
-1 4656:4656
-1 4657:4657
-1 4658:4658
-1 4659:4659
-1 4660:4660
-1 4661:4661
-1 4662:4662
-1 4663:4663
-1 4664:4664
-1 4665:4665
-1 4666:4666
-1 4667:4667
-1 4668:4668
-1 4669:4669
-1 4670:4670
-1 4671:4671
-1 4672:4672
-1 4673:4673
-1 4674:4674
-1 4675:4675
-1 4676:4676
-1 4677:4677
-1 4678:4678
-1 4679:4679
-1 4680:4680
-1 4681:4681
-1 4682:4682
-1 4683:4683
-1 4684:4684
-1 4685:4685
-1 4686:4686
-1 4687:4687
-1 4688:4688
-1 4689:4689
-1 4690:4690
-1 4691:4691
-1 4692:4692
-1 4693:4693
-1 4694:4694
-1 4695:4695
-1 4696:4696
-1 4697:4697
-1 4698:4698
-1 4699:4699
-1 4700:4700
-1 4701:4701
-1 4702:4702
-1 4703:4703
-1 4704:4704
-1 4705:4705
-1 4706:4706
-1 4707:4707
-1 4708:4708
-1 4709:4709
-1 4710:4710
-1 4711:4711
-1 4712:4712
-1 4713:4713
-1 4714:4714
-1 4715:4715
-1 4716:4716
-1 4717:4717
-1 4718:4718
-1 4719:4719
-1 4720:4720
-1 4721:4721
-1 4722:4722
-1 4723:4723
-1 4724:4724
-1 4725:4725
-1 4726:4726
-1 4727:4727
-1 4728:4728
-1 4729:4729
-1 4730:4730
-1 4731:4731
-1 4732:4732
-1 4733:4733
-1 4734:4734
-1 4735:4735
-1 4736:4736
-1 4737:4737
-1 4738:4738
-1 4739:4739
-1 4740:4740
-1 4741:4741
-1 4742:4742
-1 4743:4743
-1 4744:4744
-1 4745:4745
-1 4746:4746
-1 4747:4747
-1 4748:4748
-1 4749:4749
-1 4750:4750
-1 4751:4751
-1 4752:4752
-1 4753:4753
-1 4754:4754
-1 4755:4755
-1 4756:4756
-1 4757:4757
-1 4758:4758
-1 4759:4759
-1 4760:4760
-1 4761:4761
-1 4762:4762
-1 4763:4763
-1 4764:4764
-1 4765:4765
-1 4766:4766
-1 4767:4767
-1 4768:4768
-1 4769:4769
-1 4770:4770
-1 4771:4771
-1 4772:4772
-1 4773:4773
-1 4774:4774
-1 4775:4775
-1 4776:4776
-1 4777:4777
-1 4778:4778
-1 4779:4779
-1 4780:4780
-1 4781:4781
-1 4782:4782
-1 4783:4783
-1 4784:4784
-1 4785:4785
-1 4786:4786
-1 4787:4787
-1 4788:4788
-1 4789:4789
-1 4790:4790
-1 4791:4791
-1 4792:4792
-1 4793:4793
-1 4794:4794
-1 4795:4795
-1 4796:4796
-1 4797:4797
-1 4798:4798
-1 4799:4799
-1 4800:4800
-1 4801:4801
-1 4802:4802
-1 4803:4803
-1 4804:4804
-1 4805:4805
-1 4806:4806
-1 4807:4807
-1 4808:4808
-1 4809:4809
-1 4810:4810
-1 4811:4811
-1 4812:4812
-1 4813:4813
-1 4814:4814
-1 4815:4815
-1 4816:4816
-1 4817:4817
-1 4818:4818
-1 4819:4819
-1 4820:4820
-1 4821:4821
-1 4822:4822
-1 4823:4823
-1 4824:4824
-1 4825:4825
-1 4826:4826
-1 4827:4827
-1 4828:4828
-1 4829:4829
-1 4830:4830
-1 4831:4831
-1 4832:4832
-1 4833:4833
-1 4834:4834
-1 4835:4835
-1 4836:4836
-1 4837:4837
-1 4838:4838
-1 4839:4839
-1 4840:4840
-1 4841:4841
-1 4842:4842
-1 4843:4843
-1 4844:4844
-1 4845:4845
-1 4846:4846
-1 4847:4847
-1 4848:4848
-1 4849:4849
-1 4850:4850
-1 4851:4851
-1 4852:4852
-1 4853:4853
-1 4854:4854
-1 4855:4855
-1 4856:4856
-1 4857:4857
-1 4858:4858
-1 4859:4859
-1 4860:4860
-1 4861:4861
-1 4862:4862
-1 4863:4863
-1 4864:4864
-1 4865:4865
-1 4866:4866
-1 4867:4867
-1 4868:4868
-1 4869:4869
-1 4870:4870
-1 4871:4871
-1 4872:4872
-1 4873:4873
-1 4874:4874
-1 4875:4875
-1 4876:4876
-1 4877:4877
-1 4878:4878
-1 4879:4879
-1 4880:4880
-1 4881:4881
-1 4882:4882
-1 4883:4883
-1 4884:4884
-1 4885:4885
-1 4886:4886
-1 4887:4887
-1 4888:4888
-1 4889:4889
-1 4890:4890
-1 4891:4891
-1 4892:4892
-1 4893:4893
-1 4894:4894
-1 4895:4895
-1 4896:4896
-1 4897:4897
-1 4898:4898
-1 4899:4899
-1 4900:4900
-1 4901:4901
-1 4902:4902
-1 4903:4903
-1 4904:4904
-1 4905:4905
-1 4906:4906
-1 4907:4907
-1 4908:4908
-1 4909:4909
-1 4910:4910
-1 4911:4911
-1 4912:4912
-1 4913:4913
-1 4914:4914
-1 4915:4915
-1 4916:4916
-1 4917:4917
-1 4918:4918
-1 4919:4919
-1 4920:4920
-1 4921:4921
-1 4922:4922
-1 4923:4923
-1 4924:4924
-1 4925:4925
-1 4926:4926
-1 4927:4927
-1 4928:4928
-1 4929:4929
-1 4930:4930
-1 4931:4931
-1 4932:4932
-1 4933:4933
-1 4934:4934
-1 4935:4935
-1 4936:4936
-1 4937:4937
-1 4938:4938
-1 4939:4939
-1 4940:4940
-1 4941:4941
-1 4942:4942
-1 4943:4943
-1 4944:4944
-1 4945:4945
-1 4946:4946
-1 4947:4947
-1 4948:4948
-1 4949:4949
-1 4950:4950
-1 4951:4951
-1 4952:4952
-1 4953:4953
-1 4954:4954
-1 4955:4955
-1 4956:4956
-1 4957:4957
-1 4958:4958
-1 4959:4959
-1 4960:4960
-1 4961:4961
-1 4962:4962
-1 4963:4963
-1 4964:4964
-1 4965:4965
-1 4966:4966
-1 4967:4967
-1 4968:4968
-1 4969:4969
-1 4970:4970
-1 4971:4971
-1 4972:4972
-1 4973:4973
-1 4974:4974
-1 4975:4975
-1 4976:4976
-1 4977:4977
-1 4978:4978
-1 4979:4979
-1 4980:4980
-1 4981:4981
-1 4982:4982
-1 4983:4983
-1 4984:4984
-1 4985:4985
-1 4986:4986
-1 4987:4987
-1 4988:4988
-1 4989:4989
-1 4990:4990
-1 4991:4991
-1 4992:4992
-1 4993:4993
-1 4994:4994
-1 4995:4995
-1 4996:4996
-1 4997:4997
-1 4998:4998
-1 4999:4999
-1 5000:5000
-1 5001:5001
-1 5002:5002
-1 5003:5003
-1 5004:5004
-1 5005:5005
-1 5006:5006
-1 5007:5007
-1 5008:5008
-1 5009:5009
-1 5010:5010
-1 5011:5011
-1 5012:5012
-1 5013:5013
-1 5014:5014
-1 5015:5015
-1 5016:5016
-1 5017:5017
-1 5018:5018
-1 5019:5019
-1 5020:5020
-1 5021:5021
-1 5022:5022
-1 5023:5023
-1 5024:5024
-1 5025:5025
-1 5026:5026
-1 5027:5027
-1 5028:5028
-1 5029:5029
-1 5030:5030
-1 5031:5031
-1 5032:5032
-1 5033:5033
-1 5034:5034
-1 5035:5035
-1 5036:5036
-1 5037:5037
-1 5038:5038
-1 5039:5039
-1 5040:5040
-1 5041:5041
-1 5042:5042
-1 5043:5043
-1 5044:5044
-1 5045:5045
-1 5046:5046
-1 5047:5047
-1 5048:5048
-1 5049:5049
-1 5050:5050
-1 5051:5051
-1 5052:5052
-1 5053:5053
-1 5054:5054
-1 5055:5055
-1 5056:5056
-1 5057:5057
-1 5058:5058
-1 5059:5059
-1 5060:5060
-1 5061:5061
-1 5062:5062
-1 5063:5063
-1 5064:5064
-1 5065:5065
-1 5066:5066
-1 5067:5067
-1 5068:5068
-1 5069:5069
-1 5070:5070
-1 5071:5071
-1 5072:5072
-1 5073:5073
-1 5074:5074
-1 5075:5075
-1 5076:5076
-1 5077:5077
-1 5078:5078
-1 5079:5079
-1 5080:5080
-1 5081:5081
-1 5082:5082
-1 5083:5083
-1 5084:5084
-1 5085:5085
-1 5086:5086
-1 5087:5087
-1 5088:5088
-1 5089:5089
-1 5090:5090
-1 5091:5091
-1 5092:5092
-1 5093:5093
-1 5094:5094
-1 5095:5095
-1 5096:5096
-1 5097:5097
-1 5098:5098
-1 5099:5099
-1 5100:5100
-1 5101:5101
-1 5102:5102
-1 5103:5103
-1 5104:5104
-1 5105:5105
-1 5106:5106
-1 5107:5107
-1 5108:5108
-1 5109:5109
-1 5110:5110
-1 5111:5111
-1 5112:5112
-1 5113:5113
-1 5114:5114
-1 5115:5115
-1 5116:5116
-1 5117:5117
-1 5118:5118
-1 5119:5119
-1 5120:5120
-1 5121:5121
-1 5122:5122
-1 5123:5123
-1 5124:5124
-1 5125:5125
-1 5126:5126
-1 5127:5127
-1 5128:5128
-1 5129:5129
-1 5130:5130
-1 5131:5131
-1 5132:5132
-1 5133:5133
-1 5134:5134
-1 5135:5135
-1 5136:5136
-1 5137:5137
-1 5138:5138
-1 5139:5139
-1 5140:5140
-1 5141:5141
-1 5142:5142
-1 5143:5143
-1 5144:5144
-1 5145:5145
-1 5146:5146
-1 5147:5147
-1 5148:5148
-1 5149:5149
-1 5150:5150
-1 5151:5151
-1 5152:5152
-1 5153:5153
-1 5154:5154
-1 5155:5155
-1 5156:5156
-1 5157:5157
-1 5158:5158
-1 5159:5159
-1 5160:5160
-1 5161:5161
-1 5162:5162
-1 5163:5163
-1 5164:5164
-1 5165:5165
-1 5166:5166
-1 5167:5167
-1 5168:5168
-1 5169:5169
-1 5170:5170
-1 5171:5171
-1 5172:5172
-1 5173:5173
-1 5174:5174
-1 5175:5175
-1 5176:5176
-1 5177:5177
-1 5178:5178
-1 5179:5179
-1 5180:5180
-1 5181:5181
-1 5182:5182
-1 5183:5183
-1 5184:5184
-1 5185:5185
-1 5186:5186
-1 5187:5187
-1 5188:5188
-1 5189:5189
-1 5190:5190
-1 5191:5191
-1 5192:5192
-1 5193:5193
-1 5194:5194
-1 5195:5195
-1 5196:5196
-1 5197:5197
-1 5198:5198
-1 5199:5199
-1 5200:5200
-1 5201:5201
-1 5202:5202
-1 5203:5203
-1 5204:5204
-1 5205:5205
-1 5206:5206
-1 5207:5207
-1 5208:5208
-1 5209:5209
-1 5210:5210
-1 5211:5211
-1 5212:5212
-1 5213:5213
-1 5214:5214
-1 5215:5215
-1 5216:5216
-1 5217:5217
-1 5218:5218
-1 5219:5219
-1 5220:5220
-1 5221:5221
-1 5222:5222
-1 5223:5223
-1 5224:5224
-1 5225:5225
-1 5226:5226
-1 5227:5227
-1 5228:5228
-1 5229:5229
-1 5230:5230
-1 5231:5231
-1 5232:5232
-1 5233:5233
-1 5234:5234
-1 5235:5235
-1 5236:5236
-1 5237:5237
-1 5238:5238
-1 5239:5239
-1 5240:5240
-1 5241:5241
-1 5242:5242
-1 5243:5243
-1 5244:5244
-1 5245:5245
-1 5246:5246
-1 5247:5247
-1 5248:5248
-1 5249:5249
-1 5250:5250
-1 5251:5251
-1 5252:5252
-1 5253:5253
-1 5254:5254
-1 5255:5255
-1 5256:5256
-1 5257:5257
-1 5258:5258
-1 5259:5259
-1 5260:5260
-1 5261:5261
-1 5262:5262
-1 5263:5263
-1 5264:5264
-1 5265:5265
-1 5266:5266
-1 5267:5267
-1 5268:5268
-1 5269:5269
-1 5270:5270
-1 5271:5271
-1 5272:5272
-1 5273:5273
-1 5274:5274
-1 5275:5275
-1 5276:5276
-1 5277:5277
-1 5278:5278
-1 5279:5279
-1 5280:5280
-1 5281:5281
-1 5282:5282
-1 5283:5283
-1 5284:5284
-1 5285:5285
-1 5286:5286
-1 5287:5287
-1 5288:5288
-1 5289:5289
-1 5290:5290
-1 5291:5291
-1 5292:5292
-1 5293:5293
-1 5294:5294
-1 5295:5295
-1 5296:5296
-1 5297:5297
-1 5298:5298
-1 5299:5299
-1 5300:5300
-1 5301:5301
-1 5302:5302
-1 5303:5303
-1 5304:5304
-1 5305:5305
-1 5306:5306
-1 5307:5307
-1 5308:5308
-1 5309:5309
-1 5310:5310
-1 5311:5311
-1 5312:5312
-1 5313:5313
-1 5314:5314
-1 5315:5315
-1 5316:5316
-1 5317:5317
-1 5318:5318
-1 5319:5319
-1 5320:5320
-1 5321:5321
-1 5322:5322
-1 5323:5323
-1 5324:5324
-1 5325:5325
-1 5326:5326
-1 5327:5327
-1 5328:5328
-1 5329:5329
-1 5330:5330
-1 5331:5331
-1 5332:5332
-1 5333:5333
-1 5334:5334
-1 5335:5335
-1 5336:5336
-1 5337:5337
-1 5338:5338
-1 5339:5339
-1 5340:5340
-1 5341:5341
-1 5342:5342
-1 5343:5343
-1 5344:5344
-1 5345:5345
-1 5346:5346
-1 5347:5347
-1 5348:5348
-1 5349:5349
-1 5350:5350
-1 5351:5351
-1 5352:5352
-1 5353:5353
-1 5354:5354
-1 5355:5355
-1 5356:5356
-1 5357:5357
-1 5358:5358
-1 5359:5359
-1 5360:5360
-1 5361:5361
-1 5362:5362
-1 5363:5363
-1 5364:5364
-1 5365:5365
-1 5366:5366
-1 5367:5367
-1 5368:5368
-1 5369:5369
-1 5370:5370
-1 5371:5371
-1 5372:5372
-1 5373:5373
-1 5374:5374
-1 5375:5375
-1 5376:5376
-1 5377:5377
-1 5378:5378
-1 5379:5379
-1 5380:5380
-1 5381:5381
-1 5382:5382
-1 5383:5383
-1 5384:5384
-1 5385:5385
-1 5386:5386
-1 5387:5387
-1 5388:5388
-1 5389:5389
-1 5390:5390
-1 5391:5391
-1 5392:5392
-1 5393:5393
-1 5394:5394
-1 5395:5395
-1 5396:5396
-1 5397:5397
-1 5398:5398
-1 5399:5399
-1 5400:5400
-1 5401:5401
-1 5402:5402
-1 5403:5403
-1 5404:5404
-1 5405:5405
-1 5406:5406
-1 5407:5407
-1 5408:5408
-1 5409:5409
-1 5410:5410
-1 5411:5411
-1 5412:5412
-1 5413:5413
-1 5414:5414
-1 5415:5415
-1 5416:5416
-1 5417:5417
-1 5418:5418
-1 5419:5419
-1 5420:5420
-1 5421:5421
-1 5422:5422
-1 5423:5423
-1 5424:5424
-1 5425:5425
-1 5426:5426
-1 5427:5427
-1 5428:5428
-1 5429:5429
-1 5430:5430
-1 5431:5431
-1 5432:5432
-1 5433:5433
-1 5434:5434
-1 5435:5435
-1 5436:5436
-1 5437:5437
-1 5438:5438
-1 5439:5439
-1 5440:5440
-1 5441:5441
-1 5442:5442
-1 5443:5443
-1 5444:5444
-1 5445:5445
-1 5446:5446
-1 5447:5447
-1 5448:5448
-1 5449:5449
-1 5450:5450
-1 5451:5451
-1 5452:5452
-1 5453:5453
-1 5454:5454
-1 5455:5455
-1 5456:5456
-1 5457:5457
-1 5458:5458
-1 5459:5459
-1 5460:5460
-1 5461:5461
-1 5462:5462
-1 5463:5463
-1 5464:5464
-1 5465:5465
-1 5466:5466
-1 5467:5467
-1 5468:5468
-1 5469:5469
-1 5470:5470
-1 5471:5471
-1 5472:5472
-1 5473:5473
-1 5474:5474
-1 5475:5475
-1 5476:5476
-1 5477:5477
-1 5478:5478
-1 5479:5479
-1 5480:5480
-1 5481:5481
-1 5482:5482
-1 5483:5483
-1 5484:5484
-1 5485:5485
-1 5486:5486
-1 5487:5487
-1 5488:5488
-1 5489:5489
-1 5490:5490
-1 5491:5491
-1 5492:5492
-1 5493:5493
-1 5494:5494
-1 5495:5495
-1 5496:5496
-1 5497:5497
-1 5498:5498
-1 5499:5499
-1 5500:5500
-1 5501:5501
-1 5502:5502
-1 5503:5503
-1 5504:5504
-1 5505:5505
-1 5506:5506
-1 5507:5507
-1 5508:5508
-1 5509:5509
-1 5510:5510
-1 5511:5511
-1 5512:5512
-1 5513:5513
-1 5514:5514
-1 5515:5515
-1 5516:5516
-1 5517:5517
-1 5518:5518
-1 5519:5519
-1 5520:5520
-1 5521:5521
-1 5522:5522
-1 5523:5523
-1 5524:5524
-1 5525:5525
-1 5526:5526
-1 5527:5527
-1 5528:5528
-1 5529:5529
-1 5530:5530
-1 5531:5531
-1 5532:5532
-1 5533:5533
-1 5534:5534
-1 5535:5535
-1 5536:5536
-1 5537:5537
-1 5538:5538
-1 5539:5539
-1 5540:5540
-1 6233:6233
-1 6234:6234
-1 6235:6235
-1 6236:6236
-1 6237:6237
-1 6238:6238
-1 6239:6239
-1 6240:6240
-1 6241:6241
-1 6242:6242
-1 6243:6243
-1 6244:6244
-1 6245:6245
-1 6246:6246
-1 6247:6247
-1 6248:6248
-1 6249:6249
-1 6250:6250
-1 6251:6251
-1 6252:6252
-1 6253:6253
-1 6254:6254
-1 6255:6255
-1 6256:6256
-1 6257:6257
-1 6258:6258
-1 6259:6259
-1 6260:6260
-1 6261:6261
-1 6262:6262
-1 6263:6263
-1 6264:6264
-1 6265:6265
-1 6266:6266
-1 6267:6267
-1 6268:6268
-1 6269:6269
-1 6270:6270
-1 6271:6271
-1 6272:6272
-1 6273:6273
-1 6274:6274
-1 6275:6275
-1 6276:6276
-1 6277:6277
-1 6278:6278
-1 6279:6279
-1 6280:6280
-1 6281:6281
-1 6282:6282
-1 6283:6283
-1 6284:6284
-1 6285:6285
-1 6286:6286
-1 6287:6287
-1 6288:6288
-1 6289:6289
-1 6290:6290
-1 6291:6291
-1 6292:6292
-1 6293:6293
-1 6294:6294
-1 6295:6295
-1 6296:6296
-1 6297:6297
-1 6298:6298
-1 6299:6299
-1 6300:6300
-1 6301:6301
-1 6302:6302
-1 6303:6303
-1 6304:6304
-1 6305:6305
-1 6306:6306
-1 6307:6307
-1 6308:6308
-1 6309:6309
-1 6310:6310
-1 6311:6311
-1 6312:6312
-1 6313:6313
-1 6314:6314
-1 6315:6315
-1 6316:6316
-1 6317:6317
-1 6318:6318
-1 6319:6319
-1 6320:6320
-1 6321:6321
-1 6322:6322
-1 6323:6323
-1 6324:6324
-1 6325:6325
-1 6326:6326
-1 6327:6327
-1 6328:6328
-1 6329:6329
-1 6330:6330
-1 6331:6331
-1 6332:6332
-1 6333:6333
-1 6334:6334
-1 6335:6335
-1 6336:6336
-1 6337:6337
-1 6338:6338
-1 6339:6339
-1 6340:6340
-1 6341:6341
-1 6342:6342
-1 6343:6343
-1 6344:6344
-1 6345:6345
-1 6346:6346
-1 6347:6347
-1 6348:6348
-1 6349:6349
-1 6350:6350
-1 6351:6351
-1 6352:6352
-1 6353:6353
-1 6354:6354
-1 6355:6355
-1 6356:6356
-1 6357:6357
-1 6358:6358
-1 6359:6359
-1 6360:6360
-1 6361:6361
-1 6362:6362
-1 6363:6363
-1 6364:6364
-1 6365:6365
-1 6366:6366
-1 6367:6367
-1 6368:6368
-1 6369:6369
-1 6370:6370
-1 6371:6371
-1 6372:6372
-1 6373:6373
-1 6374:6374
-1 6375:6375
-1 6376:6376
-1 6377:6377
-1 6378:6378
-1 6379:6379
-1 6380:6380
-1 6381:6381
-1 6382:6382
-1 6383:6383
-1 6384:6384
-1 6385:6385
-1 6386:6386
-1 6387:6387
-1 6388:6388
-1 6389:6389
-1 6390:6390
-1 6391:6391
-1 6392:6392
-1 6393:6393
-1 6394:6394
-1 6395:6395
-1 6396:6396
-1 6397:6397
-1 6398:6398
-1 6399:6399
-1 6400:6400
-1 6401:6401
-1 6402:6402
-1 6403:6403
-1 6404:6404
-1 6405:6405
-1 6406:6406
-1 6407:6407
-1 6408:6408
-1 6409:6409
-1 6410:6410
-1 6411:6411
-1 6412:6412
-1 6413:6413
-1 6414:6414
-1 6415:6415
-1 6416:6416
-1 6417:6417
-1 6418:6418
-1 6419:6419
-1 6420:6420
-1 6421:6421
-1 6422:6422
-1 6423:6423
-1 6424:6424
-1 6425:6425
-1 6426:6426
-1 6427:6427
-1 6428:6428
-1 6429:6429
-1 6430:6430
-1 6431:6431
-1 6432:6432
-1 6433:6433
-1 6434:6434
-1 6435:6435
-1 6436:6436
-1 6437:6437
-1 6438:6438
-1 6439:6439
-1 6440:6440
-1 6441:6441
-1 6442:6442
-1 6443:6443
-1 6444:6444
-1 6445:6445
-1 6446:6446
-1 6447:6447
-1 6448:6448
-1 6449:6449
-1 6450:6450
-1 6451:6451
-1 6452:6452
-1 6453:6453
-1 6454:6454
-1 6455:6455
-1 6456:6456
-1 6457:6457
-1 6458:6458
-1 6459:6459
-1 6460:6460
-1 6461:6461
-1 6462:6462
-1 6463:6463
-1 6464:6464
-1 6465:6465
-1 6466:6466
-1 6467:6467
-1 6468:6468
-1 6469:6469
-1 6470:6470
-1 6471:6471
-1 6472:6472
-1 6473:6473
-1 6474:6474
-1 6475:6475
-1 6476:6476
-1 6477:6477
-1 6478:6478
-1 6479:6479
-1 6480:6480
-1 6481:6481
-1 6482:6482
-1 6483:6483
-1 6484:6484
-1 6485:6485
-1 6486:6486
-1 6487:6487
-1 6488:6488
-1 6489:6489
-1 6490:6490
-1 6491:6491
-1 6492:6492
-1 6493:6493
-1 6494:6494
-1 6495:6495
-1 6496:6496
-1 6497:6497
-1 6498:6498
-1 6499:6499
-1 6500:6500
-1 6501:6501
-1 6502:6502
-1 6503:6503
-1 6504:6504
-1 6505:6505
-1 6506:6506
-1 6507:6507
-1 6508:6508
-1 6509:6509
-1 6510:6510
-1 6511:6511
-1 6512:6512
-1 6513:6513
-1 6514:6514
-1 6515:6515
-1 6516:6516
-1 6517:6517
-1 6518:6518
-1 6519:6519
-1 6520:6520
-1 6521:6521
-1 6522:6522
-1 6523:6523
-1 6524:6524
-1 6525:6525
-1 6526:6526
-1 6527:6527
-1 6528:6528
-1 6529:6529
-1 6530:6530
-1 6531:6531
-1 6532:6532
-1 6533:6533
-1 6534:6534
-1 6535:6535
-1 6536:6536
-1 6537:6537
-1 6538:6538
-1 6539:6539
-1 6540:6540
-1 6541:6541
-1 6542:6542
-1 6543:6543
-1 6544:6544
-1 6545:6545
-1 6546:6546
-1 6547:6547
-1 6548:6548
-1 6549:6549
-1 6550:6550
-1 6551:6551
-1 6552:6552
-1 6553:6553
-1 6554:6554
-1 6555:6555
-1 6556:6556
-1 6557:6557
-1 6558:6558
-1 6559:6559
-1 6560:6560
-1 6561:6561
-1 6562:6562
-1 6563:6563
-1 6564:6564
-1 6565:6565
-1 6566:6566
-1 6567:6567
-1 6568:6568
-1 6569:6569
-1 6570:6570
-1 6571:6571
-1 6572:6572
-1 6573:6573
-1 6574:6574
-1 6575:6575
-1 6576:6576
-1 6577:6577
-1 6578:6578
-1 6579:6579
-1 6580:6580
-1 6581:6581
-1 6582:6582
-1 6583:6583
-1 6584:6584
-1 6585:6585
-1 6586:6586
-1 6587:6587
-1 6588:6588
-1 6589:6589
-1 6590:6590
-1 6591:6591
-1 6592:6592
-1 6593:6593
-1 6594:6594
-1 6595:6595
-1 6596:6596
-1 6597:6597
-1 6598:6598
-1 6599:6599
-1 6600:6600
-1 6601:6601
-1 6602:6602
-1 6603:6603
-1 6604:6604
-1 6605:6605
-1 6606:6606
-1 6607:6607
-1 6608:6608
-1 6609:6609
-1 6610:6610
-1 6611:6611
-1 6612:6612
-1 6613:6613
-1 6614:6614
-1 6615:6615
-1 6616:6616
-1 6617:6617
-1 6618:6618
-1 6619:6619
-1 6620:6620
-1 6621:6621
-1 6622:6622
-1 6623:6623
-1 6624:6624
-1 6625:6625
-1 6626:6626
-1 6627:6627
-1 6628:6628
-1 6629:6629
-1 6630:6630
-1 6631:6631
-1 6632:6632
-1 6633:6633
-1 6634:6634
-1 6635:6635
-1 6636:6636
-1 6637:6637
-1 6638:6638
-1 6639:6639
-1 6640:6640
-1 6641:6641
-1 6642:6642
-1 6643:6643
-1 6644:6644
-1 6645:6645
-1 6646:6646
-1 6647:6647
-1 6648:6648
-1 6649:6649
-1 6650:6650
-1 6651:6651
-1 6652:6652
-1 6653:6653
-1 6654:6654
-1 6655:6655
-1 6656:6656
-1 6657:6657
-1 6658:6658
-1 6659:6659
-1 6660:6660
-1 6661:6661
-1 6662:6662
-1 6663:6663
-1 6664:6664
-1 6665:6665
-1 6666:6666
-1 6667:6667
-1 6668:6668
-1 6669:6669
-1 6670:6670
-1 6671:6671
-1 6672:6672
-1 6673:6673
-1 6674:6674
-1 6675:6675
-1 6676:6676
-1 6677:6677
-1 6678:6678
-1 6679:6679
-1 6680:6680
-1 6681:6681
-1 6682:6682
-1 6683:6683
-1 6684:6684
-1 6685:6685
-1 6686:6686
-1 6687:6687
-1 6688:6688
-1 6689:6689
-1 6690:6690
-1 6691:6691
-1 6692:6692
-1 6693:6693
-1 6694:6694
-1 6695:6695
-1 6696:6696
-1 6697:6697
-1 6698:6698
-1 6699:6699
-1 6700:6700
-1 6701:6701
-1 6702:6702
-1 6703:6703
-1 6704:6704
-1 6705:6705
-1 6706:6706
-1 6707:6707
-1 6708:6708
-1 6709:6709
-1 6710:6710
-1 6711:6711
-1 6712:6712
-1 6713:6713
-1 6714:6714
-1 6715:6715
-1 6716:6716
-1 6717:6717
-1 6718:6718
-1 6719:6719
-1 6720:6720
-1 6721:6721
-1 6722:6722
-1 6723:6723
-1 6724:6724
-1 6725:6725
-1 6726:6726
-1 6727:6727
-1 6728:6728
-1 6729:6729
-1 6730:6730
-1 6731:6731
-1 6732:6732
-1 6733:6733
-1 6734:6734
-1 6735:6735
-1 6736:6736
-1 6737:6737
-1 6738:6738
-1 6739:6739
-1 6740:6740
-1 6741:6741
-1 6742:6742
-1 6743:6743
-1 6744:6744
-1 6745:6745
-1 6746:6746
-1 6747:6747
-1 6748:6748
-1 6749:6749
-1 6750:6750
-1 6751:6751
-1 6752:6752
-1 6753:6753
-1 6754:6754
-1 6755:6755
-1 6756:6756
-1 6757:6757
-1 6758:6758
-1 6759:6759
-1 6760:6760
-1 6761:6761
-1 6762:6762
-1 6763:6763
-1 6764:6764
-1 6765:6765
-1 6766:6766
-1 6767:6767
-1 6768:6768
-1 6769:6769
-1 6770:6770
-1 6771:6771
-1 6772:6772
-1 6773:6773
-1 6774:6774
-1 6775:6775
-1 6776:6776
-1 6777:6777
-1 6778:6778
-1 6779:6779
-1 6780:6780
-1 6781:6781
-1 6782:6782
-1 6783:6783
-1 6784:6784
-1 6785:6785
-1 6786:6786
-1 6787:6787
-1 6788:6788
-1 6789:6789
-1 6790:6790
-1 6791:6791
-1 6792:6792
-1 6793:6793
-1 6794:6794
-1 6795:6795
-1 6796:6796
-1 6797:6797
-1 6798:6798
-1 6799:6799
-1 6800:6800
-1 6801:6801
-1 6802:6802
-1 6803:6803
-1 6804:6804
-1 6805:6805
-1 6806:6806
-1 6807:6807
-1 6808:6808
-1 6809:6809
-1 6810:6810
-1 6811:6811
-1 6812:6812
-1 6813:6813
-1 6814:6814
-1 6815:6815
-1 6816:6816
-1 6817:6817
-1 6818:6818
-1 6819:6819
-1 6820:6820
-1 6821:6821
-1 6822:6822
-1 6823:6823
-1 6824:6824
-1 6825:6825
-1 6826:6826
-1 6827:6827
-1 6828:6828
-1 6829:6829
-1 6830:6830
-1 6831:6831
-1 6832:6832
-1 6833:6833
-1 6834:6834
-1 6835:6835
-1 6836:6836
-1 6837:6837
-1 6838:6838
-1 6839:6839
-1 6840:6840
-1 6841:6841
-1 6842:6842
-1 6843:6843
-1 6844:6844
-1 6845:6845
-1 6846:6846
-1 6847:6847
-1 6848:6848
-1 6849:6849
-1 6850:6850
-1 6851:6851
-1 6852:6852
-1 6853:6853
-1 6854:6854
-1 6855:6855
-1 6856:6856
-1 6857:6857
-1 6858:6858
-1 6859:6859
-1 6860:6860
-1 6861:6861
-1 6862:6862
-1 6863:6863
-1 6864:6864
-1 6865:6865
-1 6866:6866
-1 6867:6867
-1 6868:6868
-1 6869:6869
-1 6870:6870
-1 6871:6871
-1 6872:6872
-1 6873:6873
-1 6874:6874
-1 6875:6875
-1 6876:6876
-1 6877:6877
-1 6878:6878
-1 6879:6879
-1 6880:6880
-1 6881:6881
-1 6882:6882
-1 6883:6883
-1 6884:6884
-1 6885:6885
-1 6886:6886
-1 6887:6887
-1 6888:6888
-1 6889:6889
-1 6890:6890
-1 6891:6891
-1 6892:6892
-1 6893:6893
-1 6894:6894
-1 6895:6895
-1 6896:6896
-1 6897:6897
-1 6898:6898
-1 6899:6899
-1 6900:6900
-1 6901:6901
-1 6902:6902
-1 6903:6903
-1 6904:6904
-1 6905:6905
-1 6906:6906
-1 6907:6907
-1 6908:6908
-1 6909:6909
-1 6910:6910
-1 6911:6911
-1 6912:6912
-1 6913:6913
-1 6914:6914
-1 6915:6915
-1 6916:6916
-1 6917:6917
-1 6918:6918
-1 6919:6919
-1 6920:6920
-1 6921:6921
-1 6922:6922
-1 6923:6923
-1 6924:6924
-1 6925:6925
-1 6926:6926
-1 6927:6927
-1 6928:6928
